<?xml version="1.0" encoding="UTF-8"?>
<testsuite name="edu.xavier.csci260.atinlay.ApplicationTest" tests="9" skipped="0" failures="0" errors="0" timestamp="2017-05-01T21:28:09" hostname="ellisHPArch" time="1.608">
  <properties/>
  <testcase name="loginWithValidUserThenAuthenticatedWithRoleWorker" classname="edu.xavier.csci260.atinlay.ApplicationTest" time="0.108"/>
  <testcase name="accessUnsecuredResourceThenOk" classname="edu.xavier.csci260.atinlay.ApplicationTest" time="0.897"/>
  <testcase name="loginWithValidUserThenAuthenticatedWithRoleManager" classname="edu.xavier.csci260.atinlay.ApplicationTest" time="0.045"/>
  <testcase name="accessSecuredResourceUnauthenticatedThenRedirectsToLogin" classname="edu.xavier.csci260.atinlay.ApplicationTest" time="0.079"/>
  <testcase name="loginWithInvalidUserThenUnauthenticated" classname="edu.xavier.csci260.atinlay.ApplicationTest" time="0.062"/>
  <testcase name="requestPageForbidden" classname="edu.xavier.csci260.atinlay.ApplicationTest" time="0.068"/>
  <testcase name="requestPageWithRole" classname="edu.xavier.csci260.atinlay.ApplicationTest" time="0.159"/>
  <testcase name="accessSecuredResourceAuthenticatedThenOk" classname="edu.xavier.csci260.atinlay.ApplicationTest" time="0.141"/>
  <testcase name="loginWithValidUserThenAuthenticatedWithRoleHR" classname="edu.xavier.csci260.atinlay.ApplicationTest" time="0.034"/>
  <system-out><![CDATA[2017-05-01 17:28:06.061  INFO 3938 --- [    Test worker] .b.t.c.SpringBootTestContextBootstrapper : Neither @ContextConfiguration nor @ContextHierarchy found for test class [edu.xavier.csci260.atinlay.ApplicationTest], using SpringBootContextLoader
2017-05-01 17:28:06.062  INFO 3938 --- [    Test worker] o.s.t.c.support.AbstractContextLoader    : Could not detect default resource locations for test class [edu.xavier.csci260.atinlay.ApplicationTest]: no resource found for suffixes {-context.xml, Context.groovy}.
2017-05-01 17:28:06.063  INFO 3938 --- [    Test worker] t.c.s.AnnotationConfigContextLoaderUtils : Could not detect default configuration classes for test class [edu.xavier.csci260.atinlay.ApplicationTest]: ApplicationTest does not declare any static, non-private, non-final, nested classes annotated with @Configuration.
2017-05-01 17:28:06.093  INFO 3938 --- [    Test worker] .b.t.c.SpringBootTestContextBootstrapper : Found @SpringBootConfiguration edu.xavier.csci260.atinlay.Application for test class edu.xavier.csci260.atinlay.ApplicationTest
2017-05-01 17:28:06.099  INFO 3938 --- [    Test worker] .b.t.c.SpringBootTestContextBootstrapper : Loaded default TestExecutionListener class names from location [META-INF/spring.factories]: [org.springframework.security.test.context.support.WithSecurityContextTestExecutionListener, org.springframework.boot.test.mock.mockito.MockitoTestExecutionListener, org.springframework.boot.test.mock.mockito.ResetMocksTestExecutionListener, org.springframework.boot.test.autoconfigure.restdocs.RestDocsTestExecutionListener, org.springframework.boot.test.autoconfigure.web.client.MockRestServiceServerResetTestExecutionListener, org.springframework.boot.test.autoconfigure.web.servlet.MockMvcPrintOnlyOnFailureTestExecutionListener, org.springframework.boot.test.autoconfigure.web.servlet.WebDriverTestExecutionListener, org.springframework.test.context.web.ServletTestExecutionListener, org.springframework.test.context.support.DirtiesContextBeforeModesTestExecutionListener, org.springframework.test.context.support.DependencyInjectionTestExecutionListener, org.springframework.test.context.support.DirtiesContextTestExecutionListener, org.springframework.test.context.transaction.TransactionalTestExecutionListener, org.springframework.test.context.jdbc.SqlScriptsTestExecutionListener]
2017-05-01 17:28:06.104  INFO 3938 --- [    Test worker] .b.t.c.SpringBootTestContextBootstrapper : Using TestExecutionListeners: [org.springframework.test.context.web.ServletTestExecutionListener@6260f116, org.springframework.test.context.support.DirtiesContextBeforeModesTestExecutionListener@139fabd6, org.springframework.boot.test.autoconfigure.SpringBootDependencyInjectionTestExecutionListener@398c4970, org.springframework.test.context.support.DirtiesContextTestExecutionListener@1e656ae, org.springframework.test.context.transaction.TransactionalTestExecutionListener@64ebffc5, org.springframework.test.context.jdbc.SqlScriptsTestExecutionListener@ac43995, org.springframework.security.test.context.support.WithSecurityContextTestExecutionListener@51583674, org.springframework.boot.test.autoconfigure.web.servlet.MockMvcPrintOnlyOnFailureTestExecutionListener@623849d7, org.springframework.boot.test.autoconfigure.web.client.MockRestServiceServerResetTestExecutionListener@59968782, org.springframework.boot.test.autoconfigure.web.servlet.WebDriverTestExecutionListener@72b505b4, org.springframework.boot.test.mock.mockito.ResetMocksTestExecutionListener@62ce6600, org.springframework.boot.test.mock.mockito.MockitoTestExecutionListener@4218ed7f, org.springframework.boot.test.autoconfigure.restdocs.RestDocsTestExecutionListener@2fdfc829]

  .   ____          _            __ _ _
 /\\ / ___'_ __ _ _(_)_ __  __ _ \ \ \ \
( ( )\___ | '_ | '_| | '_ \/ _` | \ \ \ \
 \\/  ___)| |_)| | | | | || (_| |  ) ) ) )
  '  |____| .__|_| |_|_| |_\__, | / / / /
 =========|_|==============|___/=/_/_/_/
 :: Spring Boot ::        (v1.5.2.RELEASE)

2017-05-01 17:28:06.208  INFO 3938 --- [    Test worker] e.x.csci260.atinlay.ApplicationTest      : Starting ApplicationTest on ellisHPArch with PID 3938 (started by master in /home/master/Documents/school/softEng/OOOtracker_services_atinlay)
2017-05-01 17:28:06.209  INFO 3938 --- [    Test worker] e.x.csci260.atinlay.ApplicationTest      : No active profile set, falling back to default profiles: default
2017-05-01 17:28:06.213  INFO 3938 --- [    Test worker] o.s.w.c.s.GenericWebApplicationContext   : Refreshing org.springframework.web.context.support.GenericWebApplicationContext@2e630d03: startup date [Mon May 01 17:28:06 EDT 2017]; root of context hierarchy
2017-05-01 17:28:07.215  INFO 3938 --- [    Test worker] trationDelegate$BeanPostProcessorChecker : Bean 'org.springframework.transaction.annotation.ProxyTransactionManagementConfiguration' of type [org.springframework.transaction.annotation.ProxyTransactionManagementConfiguration$$EnhancerBySpringCGLIB$$96835525] is not eligible for getting processed by all BeanPostProcessors (for example: not eligible for auto-proxying)
2017-05-01 17:28:07.426  INFO 3938 --- [    Test worker] o.s.jdbc.datasource.init.ScriptUtils     : Executing SQL script from URL [file:/home/master/Documents/school/softEng/OOOtracker_services_atinlay/build/resources/main/schema.sql]
2017-05-01 17:28:07.440  INFO 3938 --- [    Test worker] o.s.jdbc.datasource.init.ScriptUtils     : Executed SQL script from URL [file:/home/master/Documents/school/softEng/OOOtracker_services_atinlay/build/resources/main/schema.sql] in 12 ms.
2017-05-01 17:28:07.445  INFO 3938 --- [    Test worker] o.s.jdbc.datasource.init.ScriptUtils     : Executing SQL script from URL [file:/home/master/Documents/school/softEng/OOOtracker_services_atinlay/build/resources/test/data.sql]
2017-05-01 17:28:07.451  INFO 3938 --- [    Test worker] o.s.jdbc.datasource.init.ScriptUtils     : Executed SQL script from URL [file:/home/master/Documents/school/softEng/OOOtracker_services_atinlay/build/resources/test/data.sql] in 4 ms.
2017-05-01 17:28:07.529  INFO 3938 --- [    Test worker] j.LocalContainerEntityManagerFactoryBean : Building JPA container EntityManagerFactory for persistence unit 'default'
2017-05-01 17:28:07.529  INFO 3938 --- [    Test worker] o.hibernate.jpa.internal.util.LogHelper  : HHH000204: Processing PersistenceUnitInfo [
	name: default
	...]
2017-05-01 17:28:07.550  INFO 3938 --- [    Test worker] org.hibernate.dialect.Dialect            : HHH000400: Using dialect: org.hibernate.dialect.H2Dialect
2017-05-01 17:28:07.575  INFO 3938 --- [    Test worker] org.hibernate.tool.hbm2ddl.SchemaExport  : HHH000227: Running hbm2ddl schema export
2017-05-01 17:28:07.576  INFO 3938 --- [    Test worker] org.hibernate.tool.hbm2ddl.SchemaExport  : HHH000230: Schema export complete
2017-05-01 17:28:07.577  WARN 3938 --- [    Test worker] o.h.j.i.EntityManagerFactoryRegistry     : HHH000436: Entity manager factory name (default) is already registered.  If entity manager will be clustered or passivated, specify a unique value for property 'hibernate.ejb.entitymanager_factory_name'
2017-05-01 17:28:07.577  INFO 3938 --- [    Test worker] j.LocalContainerEntityManagerFactoryBean : Initialized JPA EntityManagerFactory for persistence unit 'default'
2017-05-01 17:28:07.959 DEBUG 3938 --- [    Test worker] eGlobalAuthenticationAutowiredConfigurer : Eagerly initializing {webSecurityConfig=edu.xavier.csci260.atinlay.config.WebSecurityConfig$$EnhancerBySpringCGLIB$$f4cbe8bb@d0b6451}
2017-05-01 17:28:07.994  INFO 3938 --- [    Test worker] o.s.s.web.DefaultSecurityFilterChain     : Creating filter chain: Ant [pattern='/includes/**'], []
2017-05-01 17:28:07.994  INFO 3938 --- [    Test worker] o.s.s.web.DefaultSecurityFilterChain     : Creating filter chain: Ant [pattern='/assets/**'], []
2017-05-01 17:28:08.047 DEBUG 3938 --- [    Test worker] edFilterInvocationSecurityMetadataSource : Adding web access control expression 'permitAll', for ExactUrl [processUrl='/login?error']
2017-05-01 17:28:08.048 DEBUG 3938 --- [    Test worker] edFilterInvocationSecurityMetadataSource : Adding web access control expression 'permitAll', for ExactUrl [processUrl='/login']
2017-05-01 17:28:08.048 DEBUG 3938 --- [    Test worker] edFilterInvocationSecurityMetadataSource : Adding web access control expression 'permitAll', for ExactUrl [processUrl='/login']
2017-05-01 17:28:08.049 DEBUG 3938 --- [    Test worker] edFilterInvocationSecurityMetadataSource : Adding web access control expression 'hasRole('ROLE_HR')', for Ant [pattern='/human-resources/**']
2017-05-01 17:28:08.049 DEBUG 3938 --- [    Test worker] edFilterInvocationSecurityMetadataSource : Adding web access control expression 'hasRole('ROLE_MANAGER')', for Ant [pattern='/manager/**']
2017-05-01 17:28:08.049 DEBUG 3938 --- [    Test worker] edFilterInvocationSecurityMetadataSource : Adding web access control expression 'permitAll', for Ant [pattern='/']
2017-05-01 17:28:08.050 DEBUG 3938 --- [    Test worker] edFilterInvocationSecurityMetadataSource : Adding web access control expression 'permitAll', for Ant [pattern='/home']
2017-05-01 17:28:08.050 DEBUG 3938 --- [    Test worker] edFilterInvocationSecurityMetadataSource : Adding web access control expression 'permitAll', for Ant [pattern='/login']
2017-05-01 17:28:08.050 DEBUG 3938 --- [    Test worker] edFilterInvocationSecurityMetadataSource : Adding web access control expression 'authenticated', for Ant [pattern='/includes/**']
2017-05-01 17:28:08.050 DEBUG 3938 --- [    Test worker] edFilterInvocationSecurityMetadataSource : Adding web access control expression 'authenticated', for Ant [pattern='/assets/**']
2017-05-01 17:28:08.051 DEBUG 3938 --- [    Test worker] edFilterInvocationSecurityMetadataSource : Adding web access control expression 'authenticated', for org.springframework.security.web.util.matcher.AnyRequestMatcher@1
2017-05-01 17:28:08.054 DEBUG 3938 --- [    Test worker] o.s.s.w.a.i.FilterSecurityInterceptor    : Validated configuration attributes
2017-05-01 17:28:08.055 DEBUG 3938 --- [    Test worker] o.s.s.w.a.i.FilterSecurityInterceptor    : Validated configuration attributes
2017-05-01 17:28:08.070  INFO 3938 --- [    Test worker] o.s.s.web.DefaultSecurityFilterChain     : Creating filter chain: org.springframework.security.web.util.matcher.AnyRequestMatcher@1, [org.springframework.security.web.context.request.async.WebAsyncManagerIntegrationFilter@1f9e78f1, org.springframework.security.web.context.SecurityContextPersistenceFilter@54f6fa06, org.springframework.security.web.header.HeaderWriterFilter@27c54fa, org.springframework.security.web.authentication.logout.LogoutFilter@773bacf7, org.springframework.security.web.authentication.UsernamePasswordAuthenticationFilter@2f8e7594, org.springframework.security.web.savedrequest.RequestCacheAwareFilter@18a66b22, org.springframework.security.web.servletapi.SecurityContextHolderAwareRequestFilter@781d3748, org.springframework.security.web.authentication.AnonymousAuthenticationFilter@2c4d5732, org.springframework.security.web.session.SessionManagementFilter@281b501, org.springframework.security.web.access.ExceptionTranslationFilter@67656f3d, org.springframework.security.web.access.intercept.FilterSecurityInterceptor@6023f921]
2017-05-01 17:28:08.077 DEBUG 3938 --- [    Test worker] edFilterInvocationSecurityMetadataSource : Adding web access control expression 'authenticated', for org.springframework.boot.actuate.autoconfigure.ManagementWebSecurityAutoConfiguration$LazyEndpointPathRequestMatcher@47acf8ce
2017-05-01 17:28:08.078 DEBUG 3938 --- [    Test worker] edFilterInvocationSecurityMetadataSource : Adding web access control expression 'permitAll', for org.springframework.boot.actuate.autoconfigure.ManagementWebSecurityAutoConfiguration$LazyEndpointPathRequestMatcher@3ccf6fc5
2017-05-01 17:28:08.078 DEBUG 3938 --- [    Test worker] o.s.s.w.a.i.FilterSecurityInterceptor    : Validated configuration attributes
2017-05-01 17:28:08.079 DEBUG 3938 --- [    Test worker] o.s.s.w.a.i.FilterSecurityInterceptor    : Validated configuration attributes
2017-05-01 17:28:08.085  INFO 3938 --- [    Test worker] o.s.s.web.DefaultSecurityFilterChain     : Creating filter chain: org.springframework.boot.actuate.autoconfigure.ManagementWebSecurityAutoConfiguration$LazyEndpointPathRequestMatcher@4c6eb7a7, [org.springframework.security.web.context.request.async.WebAsyncManagerIntegrationFilter@1ea8c9c4, org.springframework.security.web.context.SecurityContextPersistenceFilter@1686f35e, org.springframework.security.web.header.HeaderWriterFilter@59845d65, org.springframework.security.web.authentication.logout.LogoutFilter@6691fb41, org.springframework.security.web.authentication.www.BasicAuthenticationFilter@6e4f9e71, org.springframework.security.web.savedrequest.RequestCacheAwareFilter@65e3df69, org.springframework.security.web.servletapi.SecurityContextHolderAwareRequestFilter@1e77c9c5, org.springframework.security.web.authentication.AnonymousAuthenticationFilter@644481, org.springframework.security.web.session.SessionManagementFilter@702117f5, org.springframework.security.web.access.ExceptionTranslationFilter@7510c0df, org.springframework.security.web.access.intercept.FilterSecurityInterceptor@3bb4acdc]
2017-05-01 17:28:08.342  INFO 3938 --- [    Test worker] o.s.b.t.m.w.SpringBootMockServletContext : Initializing Spring FrameworkServlet ''
2017-05-01 17:28:08.342  INFO 3938 --- [    Test worker] o.s.t.web.servlet.TestDispatcherServlet  : FrameworkServlet '': initialization started
2017-05-01 17:28:08.388  INFO 3938 --- [    Test worker] s.w.s.m.m.a.RequestMappingHandlerMapping : Mapped "{[/login],methods=[GET]}" onto public org.springframework.web.servlet.ModelAndView edu.xavier.csci260.atinlay.controller.GreetingController.login(java.lang.String,java.lang.String)
2017-05-01 17:28:08.388  INFO 3938 --- [    Test worker] s.w.s.m.m.a.RequestMappingHandlerMapping : Mapped "{[/login]}" onto public java.lang.String edu.xavier.csci260.atinlay.controller.GreetingController.login()
2017-05-01 17:28:08.389  INFO 3938 --- [    Test worker] s.w.s.m.m.a.RequestMappingHandlerMapping : Mapped "{[/home || /],methods=[GET]}" onto public java.lang.String edu.xavier.csci260.atinlay.controller.GreetingController.home()
2017-05-01 17:28:08.389  INFO 3938 --- [    Test worker] s.w.s.m.m.a.RequestMappingHandlerMapping : Mapped "{[/logout],methods=[GET]}" onto public java.lang.String edu.xavier.csci260.atinlay.controller.GreetingController.logoutPage(javax.servlet.http.HttpServletRequest,javax.servlet.http.HttpServletResponse)
2017-05-01 17:28:08.389  INFO 3938 --- [    Test worker] s.w.s.m.m.a.RequestMappingHandlerMapping : Mapped "{[/hello],methods=[GET]}" onto public java.lang.String edu.xavier.csci260.atinlay.controller.GreetingController.hello()
2017-05-01 17:28:08.390  INFO 3938 --- [    Test worker] s.w.s.m.m.a.RequestMappingHandlerMapping : Mapped "{[/calendar],methods=[GET]}" onto public java.lang.String edu.xavier.csci260.atinlay.controller.GreetingController.calendar()
2017-05-01 17:28:08.390  INFO 3938 --- [    Test worker] s.w.s.m.m.a.RequestMappingHandlerMapping : Mapped "{[/index],methods=[GET]}" onto public java.lang.String edu.xavier.csci260.atinlay.controller.GreetingController.index()
2017-05-01 17:28:08.391  INFO 3938 --- [    Test worker] s.w.s.m.m.a.RequestMappingHandlerMapping : Mapped "{[/manager/forTesting]}" onto public java.lang.String edu.xavier.csci260.atinlay.controller.ManagerController.messages()
2017-05-01 17:28:08.392  INFO 3938 --- [    Test worker] s.w.s.m.m.a.RequestMappingHandlerMapping : Mapped "{[/compose],methods=[GET]}" onto public java.lang.String edu.xavier.csci260.atinlay.controller.MessageController.getCompose(org.springframework.ui.Model)
2017-05-01 17:28:08.393  INFO 3938 --- [    Test worker] s.w.s.m.m.a.RequestMappingHandlerMapping : Mapped "{[/compose],methods=[POST]}" onto public java.lang.String edu.xavier.csci260.atinlay.controller.MessageController.postCompose()
2017-05-01 17:28:08.393  INFO 3938 --- [    Test worker] s.w.s.m.m.a.RequestMappingHandlerMapping : Mapped "{[/readMessage/{messageID}]}" onto public java.lang.String edu.xavier.csci260.atinlay.controller.MessageController.readMessage(org.springframework.ui.Model,java.lang.Long)
2017-05-01 17:28:08.393  INFO 3938 --- [    Test worker] s.w.s.m.m.a.RequestMappingHandlerMapping : Mapped "{[/messages/{username}]}" onto public java.lang.String edu.xavier.csci260.atinlay.controller.MessageController.messages(org.springframework.ui.Model,java.lang.String)
2017-05-01 17:28:08.394  INFO 3938 --- [    Test worker] s.w.s.m.m.a.RequestMappingHandlerMapping : Mapped "{[/newRequest],methods=[POST]}" onto public java.lang.String edu.xavier.csci260.atinlay.controller.RequestController.newRequest(edu.xavier.csci260.atinlay.domain.TimeOff.TimeOffReq,org.springframework.ui.Model)
2017-05-01 17:28:08.395  INFO 3938 --- [    Test worker] s.w.s.m.m.a.RequestMappingHandlerMapping : Mapped "{[/newRequest],methods=[GET]}" onto public java.lang.String edu.xavier.csci260.atinlay.controller.RequestController.getNewRequest(org.springframework.ui.Model)
2017-05-01 17:28:08.401  INFO 3938 --- [    Test worker] s.w.s.m.m.a.RequestMappingHandlerMapping : Mapped "{[/error],produces=[text/html]}" onto public org.springframework.web.servlet.ModelAndView org.springframework.boot.autoconfigure.web.BasicErrorController.errorHtml(javax.servlet.http.HttpServletRequest,javax.servlet.http.HttpServletResponse)
2017-05-01 17:28:08.402  INFO 3938 --- [    Test worker] s.w.s.m.m.a.RequestMappingHandlerMapping : Mapped "{[/error]}" onto public org.springframework.http.ResponseEntity<java.util.Map<java.lang.String, java.lang.Object>> org.springframework.boot.autoconfigure.web.BasicErrorController.error(javax.servlet.http.HttpServletRequest)
2017-05-01 17:28:08.426  INFO 3938 --- [    Test worker] o.s.w.s.handler.SimpleUrlHandlerMapping  : Root mapping to handler of type [class org.springframework.web.servlet.mvc.ParameterizableViewController]
2017-05-01 17:28:08.426  INFO 3938 --- [    Test worker] o.s.w.s.handler.SimpleUrlHandlerMapping  : Mapped URL path [/home] onto handler of type [class org.springframework.web.servlet.mvc.ParameterizableViewController]
2017-05-01 17:28:08.427  INFO 3938 --- [    Test worker] o.s.w.s.handler.SimpleUrlHandlerMapping  : Mapped URL path [/login] onto handler of type [class org.springframework.web.servlet.mvc.ParameterizableViewController]
2017-05-01 17:28:08.427  INFO 3938 --- [    Test worker] o.s.w.s.handler.SimpleUrlHandlerMapping  : Mapped URL path [/addEmployee] onto handler of type [class org.springframework.web.servlet.mvc.ParameterizableViewController]
2017-05-01 17:28:08.427  INFO 3938 --- [    Test worker] o.s.w.s.handler.SimpleUrlHandlerMapping  : Mapped URL path [/messages] onto handler of type [class org.springframework.web.servlet.mvc.ParameterizableViewController]
2017-05-01 17:28:08.427  INFO 3938 --- [    Test worker] o.s.w.s.handler.SimpleUrlHandlerMapping  : Mapped URL path [/requests] onto handler of type [class org.springframework.web.servlet.mvc.ParameterizableViewController]
2017-05-01 17:28:08.427  INFO 3938 --- [    Test worker] o.s.w.s.handler.SimpleUrlHandlerMapping  : Mapped URL path [/newRequest] onto handler of type [class org.springframework.web.servlet.mvc.ParameterizableViewController]
2017-05-01 17:28:08.440  INFO 3938 --- [    Test worker] o.s.w.s.handler.SimpleUrlHandlerMapping  : Mapped URL path [/webjars/**] onto handler of type [class org.springframework.web.servlet.resource.ResourceHttpRequestHandler]
2017-05-01 17:28:08.441  INFO 3938 --- [    Test worker] o.s.w.s.handler.SimpleUrlHandlerMapping  : Mapped URL path [/**] onto handler of type [class org.springframework.web.servlet.resource.ResourceHttpRequestHandler]
2017-05-01 17:28:08.462  INFO 3938 --- [    Test worker] o.s.w.s.handler.SimpleUrlHandlerMapping  : Mapped URL path [/**/favicon.ico] onto handler of type [class org.springframework.web.servlet.resource.ResourceHttpRequestHandler]
2017-05-01 17:28:08.670  INFO 3938 --- [    Test worker] o.s.b.a.e.mvc.EndpointHandlerMapping     : Mapped "{[/loggers/{name:.*}],methods=[GET],produces=[application/vnd.spring-boot.actuator.v1+json || application/json]}" onto public java.lang.Object org.springframework.boot.actuate.endpoint.mvc.LoggersMvcEndpoint.get(java.lang.String)
2017-05-01 17:28:08.671  INFO 3938 --- [    Test worker] o.s.b.a.e.mvc.EndpointHandlerMapping     : Mapped "{[/loggers/{name:.*}],methods=[POST],consumes=[application/vnd.spring-boot.actuator.v1+json || application/json],produces=[application/vnd.spring-boot.actuator.v1+json || application/json]}" onto public java.lang.Object org.springframework.boot.actuate.endpoint.mvc.LoggersMvcEndpoint.set(java.lang.String,java.util.Map<java.lang.String, java.lang.String>)
2017-05-01 17:28:08.671  INFO 3938 --- [    Test worker] o.s.b.a.e.mvc.EndpointHandlerMapping     : Mapped "{[/loggers || /loggers.json],methods=[GET],produces=[application/vnd.spring-boot.actuator.v1+json || application/json]}" onto public java.lang.Object org.springframework.boot.actuate.endpoint.mvc.EndpointMvcAdapter.invoke()
2017-05-01 17:28:08.672  INFO 3938 --- [    Test worker] o.s.b.a.e.mvc.EndpointHandlerMapping     : Mapped "{[/info || /info.json],methods=[GET],produces=[application/vnd.spring-boot.actuator.v1+json || application/json]}" onto public java.lang.Object org.springframework.boot.actuate.endpoint.mvc.EndpointMvcAdapter.invoke()
2017-05-01 17:28:08.674  INFO 3938 --- [    Test worker] o.s.b.a.e.mvc.EndpointHandlerMapping     : Mapped "{[/beans || /beans.json],methods=[GET],produces=[application/vnd.spring-boot.actuator.v1+json || application/json]}" onto public java.lang.Object org.springframework.boot.actuate.endpoint.mvc.EndpointMvcAdapter.invoke()
2017-05-01 17:28:08.675  INFO 3938 --- [    Test worker] o.s.b.a.e.mvc.EndpointHandlerMapping     : Mapped "{[/metrics/{name:.*}],methods=[GET],produces=[application/vnd.spring-boot.actuator.v1+json || application/json]}" onto public java.lang.Object org.springframework.boot.actuate.endpoint.mvc.MetricsMvcEndpoint.value(java.lang.String)
2017-05-01 17:28:08.675  INFO 3938 --- [    Test worker] o.s.b.a.e.mvc.EndpointHandlerMapping     : Mapped "{[/metrics || /metrics.json],methods=[GET],produces=[application/vnd.spring-boot.actuator.v1+json || application/json]}" onto public java.lang.Object org.springframework.boot.actuate.endpoint.mvc.EndpointMvcAdapter.invoke()
2017-05-01 17:28:08.677  INFO 3938 --- [    Test worker] o.s.b.a.e.mvc.EndpointHandlerMapping     : Mapped "{[/configprops || /configprops.json],methods=[GET],produces=[application/vnd.spring-boot.actuator.v1+json || application/json]}" onto public java.lang.Object org.springframework.boot.actuate.endpoint.mvc.EndpointMvcAdapter.invoke()
2017-05-01 17:28:08.679  INFO 3938 --- [    Test worker] o.s.b.a.e.mvc.EndpointHandlerMapping     : Mapped "{[/auditevents || /auditevents.json],methods=[GET],produces=[application/vnd.spring-boot.actuator.v1+json || application/json]}" onto public org.springframework.http.ResponseEntity<?> org.springframework.boot.actuate.endpoint.mvc.AuditEventsMvcEndpoint.findByPrincipalAndAfterAndType(java.lang.String,java.util.Date,java.lang.String)
2017-05-01 17:28:08.681  INFO 3938 --- [    Test worker] o.s.b.a.e.mvc.EndpointHandlerMapping     : Mapped "{[/heapdump || /heapdump.json],methods=[GET],produces=[application/octet-stream]}" onto public void org.springframework.boot.actuate.endpoint.mvc.HeapdumpMvcEndpoint.invoke(boolean,javax.servlet.http.HttpServletRequest,javax.servlet.http.HttpServletResponse) throws java.io.IOException,javax.servlet.ServletException
2017-05-01 17:28:08.683  INFO 3938 --- [    Test worker] o.s.b.a.e.mvc.EndpointHandlerMapping     : Mapped "{[/mappings || /mappings.json],methods=[GET],produces=[application/vnd.spring-boot.actuator.v1+json || application/json]}" onto public java.lang.Object org.springframework.boot.actuate.endpoint.mvc.EndpointMvcAdapter.invoke()
2017-05-01 17:28:08.684  INFO 3938 --- [    Test worker] o.s.b.a.e.mvc.EndpointHandlerMapping     : Mapped "{[/autoconfig || /autoconfig.json],methods=[GET],produces=[application/vnd.spring-boot.actuator.v1+json || application/json]}" onto public java.lang.Object org.springframework.boot.actuate.endpoint.mvc.EndpointMvcAdapter.invoke()
2017-05-01 17:28:08.686  INFO 3938 --- [    Test worker] o.s.b.a.e.mvc.EndpointHandlerMapping     : Mapped "{[/env/{name:.*}],methods=[GET],produces=[application/vnd.spring-boot.actuator.v1+json || application/json]}" onto public java.lang.Object org.springframework.boot.actuate.endpoint.mvc.EnvironmentMvcEndpoint.value(java.lang.String)
2017-05-01 17:28:08.686  INFO 3938 --- [    Test worker] o.s.b.a.e.mvc.EndpointHandlerMapping     : Mapped "{[/env || /env.json],methods=[GET],produces=[application/vnd.spring-boot.actuator.v1+json || application/json]}" onto public java.lang.Object org.springframework.boot.actuate.endpoint.mvc.EndpointMvcAdapter.invoke()
2017-05-01 17:28:08.688  INFO 3938 --- [    Test worker] o.s.b.a.e.mvc.EndpointHandlerMapping     : Mapped "{[/health || /health.json],methods=[GET],produces=[application/vnd.spring-boot.actuator.v1+json || application/json]}" onto public java.lang.Object org.springframework.boot.actuate.endpoint.mvc.HealthMvcEndpoint.invoke(javax.servlet.http.HttpServletRequest,java.security.Principal)
2017-05-01 17:28:08.689  INFO 3938 --- [    Test worker] o.s.b.a.e.mvc.EndpointHandlerMapping     : Mapped "{[/trace || /trace.json],methods=[GET],produces=[application/vnd.spring-boot.actuator.v1+json || application/json]}" onto public java.lang.Object org.springframework.boot.actuate.endpoint.mvc.EndpointMvcAdapter.invoke()
2017-05-01 17:28:08.691  INFO 3938 --- [    Test worker] o.s.b.a.e.mvc.EndpointHandlerMapping     : Mapped "{[/dump || /dump.json],methods=[GET],produces=[application/vnd.spring-boot.actuator.v1+json || application/json]}" onto public java.lang.Object org.springframework.boot.actuate.endpoint.mvc.EndpointMvcAdapter.invoke()
2017-05-01 17:28:08.721  INFO 3938 --- [    Test worker] s.w.s.m.m.a.RequestMappingHandlerAdapter : Looking for @ControllerAdvice: org.springframework.web.context.support.GenericWebApplicationContext@2e630d03: startup date [Mon May 01 17:28:06 EDT 2017]; root of context hierarchy
2017-05-01 17:28:08.836  INFO 3938 --- [    Test worker] o.s.t.web.servlet.TestDispatcherServlet  : FrameworkServlet '': initialization completed in 494 ms
2017-05-01 17:28:09.280  INFO 3938 --- [    Test worker] e.x.csci260.atinlay.ApplicationTest      : Started ApplicationTest in 3.164 seconds (JVM running for 17.393)
2017-05-01 17:28:09.295  INFO 3938 --- [    Test worker] o.s.jdbc.datasource.init.ScriptUtils     : Executing SQL script from class path resource [testSchema.sql]
2017-05-01 17:28:09.305  INFO 3938 --- [    Test worker] o.s.jdbc.datasource.init.ScriptUtils     : Executed SQL script from class path resource [testSchema.sql] in 9 ms.
2017-05-01 17:28:09.307  INFO 3938 --- [    Test worker] o.s.jdbc.datasource.init.ScriptUtils     : Executing SQL script from class path resource [data.sql]
2017-05-01 17:28:09.310  INFO 3938 --- [    Test worker] o.s.jdbc.datasource.init.ScriptUtils     : Executed SQL script from class path resource [data.sql] in 3 ms.
2017-05-01 17:28:09.323 DEBUG 3938 --- [    Test worker] o.s.s.w.u.matcher.AntPathRequestMatcher  : Checking match of request : '/login'; against '/includes/**'
2017-05-01 17:28:09.323 DEBUG 3938 --- [    Test worker] o.s.s.w.u.matcher.AntPathRequestMatcher  : Checking match of request : '/login'; against '/assets/**'
2017-05-01 17:28:09.325 DEBUG 3938 --- [    Test worker] o.s.s.w.u.matcher.AntPathRequestMatcher  : Checking match of request : '/login'; against '/includes/**'
2017-05-01 17:28:09.325 DEBUG 3938 --- [    Test worker] o.s.s.w.u.matcher.AntPathRequestMatcher  : Checking match of request : '/login'; against '/assets/**'
2017-05-01 17:28:09.336 DEBUG 3938 --- [    Test worker] o.s.s.w.u.matcher.AntPathRequestMatcher  : Checking match of request : '/login'; against '/includes/**'
2017-05-01 17:28:09.336 DEBUG 3938 --- [    Test worker] o.s.s.w.u.matcher.AntPathRequestMatcher  : Checking match of request : '/login'; against '/assets/**'
2017-05-01 17:28:09.337 DEBUG 3938 --- [    Test worker] o.s.security.web.FilterChainProxy        : /login at position 1 of 11 in additional filter chain; firing Filter: 'WebAsyncManagerIntegrationFilter'
2017-05-01 17:28:09.338 DEBUG 3938 --- [    Test worker] o.s.security.web.FilterChainProxy        : /login at position 2 of 11 in additional filter chain; firing Filter: 'SecurityContextPersistenceFilter'
2017-05-01 17:28:09.340 DEBUG 3938 --- [    Test worker] w.c.HttpSessionSecurityContextRepository : No HttpSession currently exists
2017-05-01 17:28:09.340 DEBUG 3938 --- [    Test worker] w.c.HttpSessionSecurityContextRepository : No SecurityContext was available from the HttpSession: null. A new one will be created.
2017-05-01 17:28:09.343 DEBUG 3938 --- [    Test worker] o.s.security.web.FilterChainProxy        : /login at position 3 of 11 in additional filter chain; firing Filter: 'HeaderWriterFilter'
2017-05-01 17:28:09.344 DEBUG 3938 --- [    Test worker] o.s.s.w.header.writers.HstsHeaderWriter  : Not injecting HSTS header since it did not match the requestMatcher org.springframework.security.web.header.writers.HstsHeaderWriter$SecureRequestMatcher@5c9eb5a2
2017-05-01 17:28:09.344 DEBUG 3938 --- [    Test worker] o.s.security.web.FilterChainProxy        : /login at position 4 of 11 in additional filter chain; firing Filter: 'LogoutFilter'
2017-05-01 17:28:09.344 DEBUG 3938 --- [    Test worker] o.s.s.web.util.matcher.OrRequestMatcher  : Trying to match using Ant [pattern='/logout', GET]
2017-05-01 17:28:09.345 DEBUG 3938 --- [    Test worker] o.s.s.w.u.matcher.AntPathRequestMatcher  : Request 'POST /login' doesn't match 'GET /logout
2017-05-01 17:28:09.345 DEBUG 3938 --- [    Test worker] o.s.s.web.util.matcher.OrRequestMatcher  : Trying to match using Ant [pattern='/logout', POST]
2017-05-01 17:28:09.345 DEBUG 3938 --- [    Test worker] o.s.s.w.u.matcher.AntPathRequestMatcher  : Checking match of request : '/login'; against '/logout'
2017-05-01 17:28:09.345 DEBUG 3938 --- [    Test worker] o.s.s.web.util.matcher.OrRequestMatcher  : Trying to match using Ant [pattern='/logout', PUT]
2017-05-01 17:28:09.345 DEBUG 3938 --- [    Test worker] o.s.s.w.u.matcher.AntPathRequestMatcher  : Request 'POST /login' doesn't match 'PUT /logout
2017-05-01 17:28:09.345 DEBUG 3938 --- [    Test worker] o.s.s.web.util.matcher.OrRequestMatcher  : Trying to match using Ant [pattern='/logout', DELETE]
2017-05-01 17:28:09.345 DEBUG 3938 --- [    Test worker] o.s.s.w.u.matcher.AntPathRequestMatcher  : Request 'POST /login' doesn't match 'DELETE /logout
2017-05-01 17:28:09.345 DEBUG 3938 --- [    Test worker] o.s.s.web.util.matcher.OrRequestMatcher  : No matches found
2017-05-01 17:28:09.346 DEBUG 3938 --- [    Test worker] o.s.security.web.FilterChainProxy        : /login at position 5 of 11 in additional filter chain; firing Filter: 'UsernamePasswordAuthenticationFilter'
2017-05-01 17:28:09.346 DEBUG 3938 --- [    Test worker] o.s.s.w.u.matcher.AntPathRequestMatcher  : Checking match of request : '/login'; against '/login'
2017-05-01 17:28:09.346 DEBUG 3938 --- [    Test worker] w.a.UsernamePasswordAuthenticationFilter : Request is to process authentication
2017-05-01 17:28:09.348 DEBUG 3938 --- [    Test worker] o.s.s.authentication.ProviderManager     : Authentication attempt using org.springframework.security.authentication.dao.DaoAuthenticationProvider
2017-05-01 17:28:09.359 DEBUG 3938 --- [    Test worker] s.CompositeSessionAuthenticationStrategy : Delegating to org.springframework.security.web.authentication.session.ChangeSessionIdAuthenticationStrategy@1d259319
2017-05-01 17:28:09.360 DEBUG 3938 --- [    Test worker] w.a.UsernamePasswordAuthenticationFilter : Authentication success. Updating SecurityContextHolder to contain: org.springframework.security.authentication.UsernamePasswordAuthenticationToken@7ccf42a3: Principal: org.springframework.security.core.userdetails.User@d162537e: Username: worker; Password: [PROTECTED]; Enabled: true; AccountNonExpired: true; credentialsNonExpired: true; AccountNonLocked: true; Granted Authorities: ROLE_WORKER; Credentials: [PROTECTED]; Authenticated: true; Details: org.springframework.security.web.authentication.WebAuthenticationDetails@957e: RemoteIpAddress: 127.0.0.1; SessionId: null; Granted Authorities: ROLE_WORKER
2017-05-01 17:28:09.361 DEBUG 3938 --- [    Test worker] o.s.s.web.DefaultRedirectStrategy        : Redirecting to '/hello'
2017-05-01 17:28:09.362 DEBUG 3938 --- [    Test worker] w.c.HttpSessionSecurityContextRepository : HttpSession being created as SecurityContext is non-default
2017-05-01 17:28:09.365 DEBUG 3938 --- [    Test worker] w.c.HttpSessionSecurityContextRepository : SecurityContext 'org.springframework.security.core.context.SecurityContextImpl@7ccf42a3: Authentication: org.springframework.security.authentication.UsernamePasswordAuthenticationToken@7ccf42a3: Principal: org.springframework.security.core.userdetails.User@d162537e: Username: worker; Password: [PROTECTED]; Enabled: true; AccountNonExpired: true; credentialsNonExpired: true; AccountNonLocked: true; Granted Authorities: ROLE_WORKER; Credentials: [PROTECTED]; Authenticated: true; Details: org.springframework.security.web.authentication.WebAuthenticationDetails@957e: RemoteIpAddress: 127.0.0.1; SessionId: null; Granted Authorities: ROLE_WORKER' stored to HttpSession: 'org.springframework.mock.web.MockHttpSession@cf0e2cd
2017-05-01 17:28:09.368 DEBUG 3938 --- [    Test worker] s.s.w.c.SecurityContextPersistenceFilter : SecurityContextHolder now cleared, as request processing completed
2017-05-01 17:28:09.383 DEBUG 3938 --- [    Test worker] o.s.s.w.u.matcher.AntPathRequestMatcher  : Checking match of request : '/login'; against '/includes/**'
2017-05-01 17:28:09.383 DEBUG 3938 --- [    Test worker] o.s.s.w.u.matcher.AntPathRequestMatcher  : Checking match of request : '/login'; against '/assets/**'
2017-05-01 17:28:09.384 DEBUG 3938 --- [    Test worker] w.c.HttpSessionSecurityContextRepository : Obtained a valid SecurityContext from SPRING_SECURITY_CONTEXT: 'org.springframework.security.core.context.SecurityContextImpl@7ccf42a3: Authentication: org.springframework.security.authentication.UsernamePasswordAuthenticationToken@7ccf42a3: Principal: org.springframework.security.core.userdetails.User@d162537e: Username: worker; Password: [PROTECTED]; Enabled: true; AccountNonExpired: true; credentialsNonExpired: true; AccountNonLocked: true; Granted Authorities: ROLE_WORKER; Credentials: [PROTECTED]; Authenticated: true; Details: org.springframework.security.web.authentication.WebAuthenticationDetails@957e: RemoteIpAddress: 127.0.0.1; SessionId: null; Granted Authorities: ROLE_WORKER'
2017-05-01 17:28:09.391  INFO 3938 --- [    Test worker] o.s.jdbc.datasource.init.ScriptUtils     : Executing SQL script from class path resource [tearDown.sql]
2017-05-01 17:28:09.396  INFO 3938 --- [    Test worker] o.s.jdbc.datasource.init.ScriptUtils     : Executed SQL script from class path resource [tearDown.sql] in 4 ms.
2017-05-01 17:28:09.402  INFO 3938 --- [    Test worker] o.s.jdbc.datasource.init.ScriptUtils     : Executing SQL script from class path resource [testSchema.sql]
2017-05-01 17:28:09.410  INFO 3938 --- [    Test worker] o.s.jdbc.datasource.init.ScriptUtils     : Executed SQL script from class path resource [testSchema.sql] in 8 ms.
2017-05-01 17:28:09.412  INFO 3938 --- [    Test worker] o.s.jdbc.datasource.init.ScriptUtils     : Executing SQL script from class path resource [data.sql]
2017-05-01 17:28:09.416  INFO 3938 --- [    Test worker] o.s.jdbc.datasource.init.ScriptUtils     : Executed SQL script from class path resource [data.sql] in 3 ms.
2017-05-01 17:28:09.422 DEBUG 3938 --- [    Test worker] o.s.s.w.u.matcher.AntPathRequestMatcher  : Checking match of request : '/'; against '/includes/**'
2017-05-01 17:28:09.422 DEBUG 3938 --- [    Test worker] o.s.s.w.u.matcher.AntPathRequestMatcher  : Checking match of request : '/'; against '/assets/**'
2017-05-01 17:28:09.422 DEBUG 3938 --- [    Test worker] o.s.security.web.FilterChainProxy        : / at position 1 of 11 in additional filter chain; firing Filter: 'WebAsyncManagerIntegrationFilter'
2017-05-01 17:28:09.422 DEBUG 3938 --- [    Test worker] o.s.security.web.FilterChainProxy        : / at position 2 of 11 in additional filter chain; firing Filter: 'SecurityContextPersistenceFilter'
2017-05-01 17:28:09.422 DEBUG 3938 --- [    Test worker] w.c.HttpSessionSecurityContextRepository : No HttpSession currently exists
2017-05-01 17:28:09.423 DEBUG 3938 --- [    Test worker] w.c.HttpSessionSecurityContextRepository : No SecurityContext was available from the HttpSession: null. A new one will be created.
2017-05-01 17:28:09.423 DEBUG 3938 --- [    Test worker] o.s.security.web.FilterChainProxy        : / at position 3 of 11 in additional filter chain; firing Filter: 'HeaderWriterFilter'
2017-05-01 17:28:09.423 DEBUG 3938 --- [    Test worker] o.s.s.w.header.writers.HstsHeaderWriter  : Not injecting HSTS header since it did not match the requestMatcher org.springframework.security.web.header.writers.HstsHeaderWriter$SecureRequestMatcher@5c9eb5a2
2017-05-01 17:28:09.423 DEBUG 3938 --- [    Test worker] o.s.security.web.FilterChainProxy        : / at position 4 of 11 in additional filter chain; firing Filter: 'LogoutFilter'
2017-05-01 17:28:09.423 DEBUG 3938 --- [    Test worker] o.s.s.web.util.matcher.OrRequestMatcher  : Trying to match using Ant [pattern='/logout', GET]
2017-05-01 17:28:09.423 DEBUG 3938 --- [    Test worker] o.s.s.w.u.matcher.AntPathRequestMatcher  : Checking match of request : '/'; against '/logout'
2017-05-01 17:28:09.423 DEBUG 3938 --- [    Test worker] o.s.s.web.util.matcher.OrRequestMatcher  : Trying to match using Ant [pattern='/logout', POST]
2017-05-01 17:28:09.424 DEBUG 3938 --- [    Test worker] o.s.s.w.u.matcher.AntPathRequestMatcher  : Request 'GET /' doesn't match 'POST /logout
2017-05-01 17:28:09.424 DEBUG 3938 --- [    Test worker] o.s.s.web.util.matcher.OrRequestMatcher  : Trying to match using Ant [pattern='/logout', PUT]
2017-05-01 17:28:09.424 DEBUG 3938 --- [    Test worker] o.s.s.w.u.matcher.AntPathRequestMatcher  : Request 'GET /' doesn't match 'PUT /logout
2017-05-01 17:28:09.424 DEBUG 3938 --- [    Test worker] o.s.s.web.util.matcher.OrRequestMatcher  : Trying to match using Ant [pattern='/logout', DELETE]
2017-05-01 17:28:09.424 DEBUG 3938 --- [    Test worker] o.s.s.w.u.matcher.AntPathRequestMatcher  : Request 'GET /' doesn't match 'DELETE /logout
2017-05-01 17:28:09.424 DEBUG 3938 --- [    Test worker] o.s.s.web.util.matcher.OrRequestMatcher  : No matches found
2017-05-01 17:28:09.424 DEBUG 3938 --- [    Test worker] o.s.security.web.FilterChainProxy        : / at position 5 of 11 in additional filter chain; firing Filter: 'UsernamePasswordAuthenticationFilter'
2017-05-01 17:28:09.424 DEBUG 3938 --- [    Test worker] o.s.s.w.u.matcher.AntPathRequestMatcher  : Request 'GET /' doesn't match 'POST /login
2017-05-01 17:28:09.424 DEBUG 3938 --- [    Test worker] o.s.security.web.FilterChainProxy        : / at position 6 of 11 in additional filter chain; firing Filter: 'RequestCacheAwareFilter'
2017-05-01 17:28:09.425 DEBUG 3938 --- [    Test worker] o.s.security.web.FilterChainProxy        : / at position 7 of 11 in additional filter chain; firing Filter: 'SecurityContextHolderAwareRequestFilter'
2017-05-01 17:28:09.427 DEBUG 3938 --- [    Test worker] o.s.security.web.FilterChainProxy        : / at position 8 of 11 in additional filter chain; firing Filter: 'AnonymousAuthenticationFilter'
2017-05-01 17:28:09.428 DEBUG 3938 --- [    Test worker] o.s.s.w.a.AnonymousAuthenticationFilter  : Populated SecurityContextHolder with anonymous token: 'org.springframework.security.authentication.AnonymousAuthenticationToken@9055e4a6: Principal: anonymousUser; Credentials: [PROTECTED]; Authenticated: true; Details: org.springframework.security.web.authentication.WebAuthenticationDetails@957e: RemoteIpAddress: 127.0.0.1; SessionId: null; Granted Authorities: ROLE_ANONYMOUS'
2017-05-01 17:28:09.428 DEBUG 3938 --- [    Test worker] o.s.security.web.FilterChainProxy        : / at position 9 of 11 in additional filter chain; firing Filter: 'SessionManagementFilter'
2017-05-01 17:28:09.428 DEBUG 3938 --- [    Test worker] o.s.security.web.FilterChainProxy        : / at position 10 of 11 in additional filter chain; firing Filter: 'ExceptionTranslationFilter'
2017-05-01 17:28:09.428 DEBUG 3938 --- [    Test worker] o.s.security.web.FilterChainProxy        : / at position 11 of 11 in additional filter chain; firing Filter: 'FilterSecurityInterceptor'
2017-05-01 17:28:09.430 DEBUG 3938 --- [    Test worker] o.s.s.w.u.matcher.AntPathRequestMatcher  : Checking match of request : '/'; against '/human-resources/**'
2017-05-01 17:28:09.430 DEBUG 3938 --- [    Test worker] o.s.s.w.u.matcher.AntPathRequestMatcher  : Checking match of request : '/'; against '/manager/**'
2017-05-01 17:28:09.430 DEBUG 3938 --- [    Test worker] o.s.s.w.u.matcher.AntPathRequestMatcher  : Checking match of request : '/'; against '/'
2017-05-01 17:28:09.430 DEBUG 3938 --- [    Test worker] o.s.s.w.a.i.FilterSecurityInterceptor    : Secure object: FilterInvocation: URL: /; Attributes: [permitAll]
2017-05-01 17:28:09.431 DEBUG 3938 --- [    Test worker] o.s.s.w.a.i.FilterSecurityInterceptor    : Previously Authenticated: org.springframework.security.authentication.AnonymousAuthenticationToken@9055e4a6: Principal: anonymousUser; Credentials: [PROTECTED]; Authenticated: true; Details: org.springframework.security.web.authentication.WebAuthenticationDetails@957e: RemoteIpAddress: 127.0.0.1; SessionId: null; Granted Authorities: ROLE_ANONYMOUS
2017-05-01 17:28:09.442 DEBUG 3938 --- [    Test worker] o.s.s.access.vote.AffirmativeBased       : Voter: org.springframework.security.web.access.expression.WebExpressionVoter@60989445, returned: 1
2017-05-01 17:28:09.442 DEBUG 3938 --- [    Test worker] o.s.s.w.a.i.FilterSecurityInterceptor    : Authorization successful
2017-05-01 17:28:09.442 DEBUG 3938 --- [    Test worker] o.s.s.w.a.i.FilterSecurityInterceptor    : RunAsManager did not change Authentication object
2017-05-01 17:28:09.442 DEBUG 3938 --- [    Test worker] o.s.security.web.FilterChainProxy        : / reached end of additional filter chain; proceeding with original chain
2017-05-01 17:28:10.273 DEBUG 3938 --- [    Test worker] w.c.HttpSessionSecurityContextRepository : SecurityContext is empty or contents are anonymous - context will not be stored in HttpSession.
2017-05-01 17:28:10.277 DEBUG 3938 --- [    Test worker] o.s.s.w.a.ExceptionTranslationFilter     : Chain processed normally
2017-05-01 17:28:10.277 DEBUG 3938 --- [    Test worker] s.s.w.c.SecurityContextPersistenceFilter : SecurityContextHolder now cleared, as request processing completed
2017-05-01 17:28:10.290  INFO 3938 --- [    Test worker] o.s.jdbc.datasource.init.ScriptUtils     : Executing SQL script from class path resource [tearDown.sql]
2017-05-01 17:28:10.294  INFO 3938 --- [    Test worker] o.s.jdbc.datasource.init.ScriptUtils     : Executed SQL script from class path resource [tearDown.sql] in 3 ms.
2017-05-01 17:28:10.301  INFO 3938 --- [    Test worker] o.s.jdbc.datasource.init.ScriptUtils     : Executing SQL script from class path resource [testSchema.sql]
2017-05-01 17:28:10.310  INFO 3938 --- [    Test worker] o.s.jdbc.datasource.init.ScriptUtils     : Executed SQL script from class path resource [testSchema.sql] in 8 ms.
2017-05-01 17:28:10.312  INFO 3938 --- [    Test worker] o.s.jdbc.datasource.init.ScriptUtils     : Executing SQL script from class path resource [data.sql]
2017-05-01 17:28:10.315  INFO 3938 --- [    Test worker] o.s.jdbc.datasource.init.ScriptUtils     : Executed SQL script from class path resource [data.sql] in 3 ms.
2017-05-01 17:28:10.320 DEBUG 3938 --- [    Test worker] o.s.s.w.u.matcher.AntPathRequestMatcher  : Checking match of request : '/login'; against '/includes/**'
2017-05-01 17:28:10.320 DEBUG 3938 --- [    Test worker] o.s.s.w.u.matcher.AntPathRequestMatcher  : Checking match of request : '/login'; against '/assets/**'
2017-05-01 17:28:10.321 DEBUG 3938 --- [    Test worker] o.s.s.w.u.matcher.AntPathRequestMatcher  : Checking match of request : '/login'; against '/includes/**'
2017-05-01 17:28:10.321 DEBUG 3938 --- [    Test worker] o.s.s.w.u.matcher.AntPathRequestMatcher  : Checking match of request : '/login'; against '/assets/**'
2017-05-01 17:28:10.321 DEBUG 3938 --- [    Test worker] o.s.s.w.u.matcher.AntPathRequestMatcher  : Checking match of request : '/login'; against '/includes/**'
2017-05-01 17:28:10.322 DEBUG 3938 --- [    Test worker] o.s.s.w.u.matcher.AntPathRequestMatcher  : Checking match of request : '/login'; against '/assets/**'
2017-05-01 17:28:10.322 DEBUG 3938 --- [    Test worker] o.s.security.web.FilterChainProxy        : /login at position 1 of 11 in additional filter chain; firing Filter: 'WebAsyncManagerIntegrationFilter'
2017-05-01 17:28:10.322 DEBUG 3938 --- [    Test worker] o.s.security.web.FilterChainProxy        : /login at position 2 of 11 in additional filter chain; firing Filter: 'SecurityContextPersistenceFilter'
2017-05-01 17:28:10.322 DEBUG 3938 --- [    Test worker] w.c.HttpSessionSecurityContextRepository : No HttpSession currently exists
2017-05-01 17:28:10.322 DEBUG 3938 --- [    Test worker] w.c.HttpSessionSecurityContextRepository : No SecurityContext was available from the HttpSession: null. A new one will be created.
2017-05-01 17:28:10.322 DEBUG 3938 --- [    Test worker] o.s.security.web.FilterChainProxy        : /login at position 3 of 11 in additional filter chain; firing Filter: 'HeaderWriterFilter'
2017-05-01 17:28:10.322 DEBUG 3938 --- [    Test worker] o.s.s.w.header.writers.HstsHeaderWriter  : Not injecting HSTS header since it did not match the requestMatcher org.springframework.security.web.header.writers.HstsHeaderWriter$SecureRequestMatcher@5c9eb5a2
2017-05-01 17:28:10.323 DEBUG 3938 --- [    Test worker] o.s.security.web.FilterChainProxy        : /login at position 4 of 11 in additional filter chain; firing Filter: 'LogoutFilter'
2017-05-01 17:28:10.323 DEBUG 3938 --- [    Test worker] o.s.s.web.util.matcher.OrRequestMatcher  : Trying to match using Ant [pattern='/logout', GET]
2017-05-01 17:28:10.323 DEBUG 3938 --- [    Test worker] o.s.s.w.u.matcher.AntPathRequestMatcher  : Request 'POST /login' doesn't match 'GET /logout
2017-05-01 17:28:10.323 DEBUG 3938 --- [    Test worker] o.s.s.web.util.matcher.OrRequestMatcher  : Trying to match using Ant [pattern='/logout', POST]
2017-05-01 17:28:10.323 DEBUG 3938 --- [    Test worker] o.s.s.w.u.matcher.AntPathRequestMatcher  : Checking match of request : '/login'; against '/logout'
2017-05-01 17:28:10.323 DEBUG 3938 --- [    Test worker] o.s.s.web.util.matcher.OrRequestMatcher  : Trying to match using Ant [pattern='/logout', PUT]
2017-05-01 17:28:10.323 DEBUG 3938 --- [    Test worker] o.s.s.w.u.matcher.AntPathRequestMatcher  : Request 'POST /login' doesn't match 'PUT /logout
2017-05-01 17:28:10.323 DEBUG 3938 --- [    Test worker] o.s.s.web.util.matcher.OrRequestMatcher  : Trying to match using Ant [pattern='/logout', DELETE]
2017-05-01 17:28:10.324 DEBUG 3938 --- [    Test worker] o.s.s.w.u.matcher.AntPathRequestMatcher  : Request 'POST /login' doesn't match 'DELETE /logout
2017-05-01 17:28:10.324 DEBUG 3938 --- [    Test worker] o.s.s.web.util.matcher.OrRequestMatcher  : No matches found
2017-05-01 17:28:10.324 DEBUG 3938 --- [    Test worker] o.s.security.web.FilterChainProxy        : /login at position 5 of 11 in additional filter chain; firing Filter: 'UsernamePasswordAuthenticationFilter'
2017-05-01 17:28:10.324 DEBUG 3938 --- [    Test worker] o.s.s.w.u.matcher.AntPathRequestMatcher  : Checking match of request : '/login'; against '/login'
2017-05-01 17:28:10.324 DEBUG 3938 --- [    Test worker] w.a.UsernamePasswordAuthenticationFilter : Request is to process authentication
2017-05-01 17:28:10.324 DEBUG 3938 --- [    Test worker] o.s.s.authentication.ProviderManager     : Authentication attempt using org.springframework.security.authentication.dao.DaoAuthenticationProvider
2017-05-01 17:28:10.326 DEBUG 3938 --- [    Test worker] s.CompositeSessionAuthenticationStrategy : Delegating to org.springframework.security.web.authentication.session.ChangeSessionIdAuthenticationStrategy@1d259319
2017-05-01 17:28:10.327 DEBUG 3938 --- [    Test worker] w.a.UsernamePasswordAuthenticationFilter : Authentication success. Updating SecurityContextHolder to contain: org.springframework.security.authentication.UsernamePasswordAuthenticationToken@eb81d3: Principal: org.springframework.security.core.userdetails.User@31c90fad: Username: manager; Password: [PROTECTED]; Enabled: true; AccountNonExpired: true; credentialsNonExpired: true; AccountNonLocked: true; Granted Authorities: ROLE_MANAGER; Credentials: [PROTECTED]; Authenticated: true; Details: org.springframework.security.web.authentication.WebAuthenticationDetails@957e: RemoteIpAddress: 127.0.0.1; SessionId: null; Granted Authorities: ROLE_MANAGER
2017-05-01 17:28:10.328 DEBUG 3938 --- [    Test worker] o.s.s.web.DefaultRedirectStrategy        : Redirecting to '/hello'
2017-05-01 17:28:10.328 DEBUG 3938 --- [    Test worker] w.c.HttpSessionSecurityContextRepository : HttpSession being created as SecurityContext is non-default
2017-05-01 17:28:10.328 DEBUG 3938 --- [    Test worker] w.c.HttpSessionSecurityContextRepository : SecurityContext 'org.springframework.security.core.context.SecurityContextImpl@eb81d3: Authentication: org.springframework.security.authentication.UsernamePasswordAuthenticationToken@eb81d3: Principal: org.springframework.security.core.userdetails.User@31c90fad: Username: manager; Password: [PROTECTED]; Enabled: true; AccountNonExpired: true; credentialsNonExpired: true; AccountNonLocked: true; Granted Authorities: ROLE_MANAGER; Credentials: [PROTECTED]; Authenticated: true; Details: org.springframework.security.web.authentication.WebAuthenticationDetails@957e: RemoteIpAddress: 127.0.0.1; SessionId: null; Granted Authorities: ROLE_MANAGER' stored to HttpSession: 'org.springframework.mock.web.MockHttpSession@29b0f99f
2017-05-01 17:28:10.328 DEBUG 3938 --- [    Test worker] s.s.w.c.SecurityContextPersistenceFilter : SecurityContextHolder now cleared, as request processing completed
2017-05-01 17:28:10.330 DEBUG 3938 --- [    Test worker] o.s.s.w.u.matcher.AntPathRequestMatcher  : Checking match of request : '/login'; against '/includes/**'
2017-05-01 17:28:10.330 DEBUG 3938 --- [    Test worker] o.s.s.w.u.matcher.AntPathRequestMatcher  : Checking match of request : '/login'; against '/assets/**'
2017-05-01 17:28:10.331 DEBUG 3938 --- [    Test worker] w.c.HttpSessionSecurityContextRepository : Obtained a valid SecurityContext from SPRING_SECURITY_CONTEXT: 'org.springframework.security.core.context.SecurityContextImpl@eb81d3: Authentication: org.springframework.security.authentication.UsernamePasswordAuthenticationToken@eb81d3: Principal: org.springframework.security.core.userdetails.User@31c90fad: Username: manager; Password: [PROTECTED]; Enabled: true; AccountNonExpired: true; credentialsNonExpired: true; AccountNonLocked: true; Granted Authorities: ROLE_MANAGER; Credentials: [PROTECTED]; Authenticated: true; Details: org.springframework.security.web.authentication.WebAuthenticationDetails@957e: RemoteIpAddress: 127.0.0.1; SessionId: null; Granted Authorities: ROLE_MANAGER'
2017-05-01 17:28:10.338  INFO 3938 --- [    Test worker] o.s.jdbc.datasource.init.ScriptUtils     : Executing SQL script from class path resource [tearDown.sql]
2017-05-01 17:28:10.342  INFO 3938 --- [    Test worker] o.s.jdbc.datasource.init.ScriptUtils     : Executed SQL script from class path resource [tearDown.sql] in 4 ms.
2017-05-01 17:28:10.347  INFO 3938 --- [    Test worker] o.s.jdbc.datasource.init.ScriptUtils     : Executing SQL script from class path resource [testSchema.sql]
2017-05-01 17:28:10.356  INFO 3938 --- [    Test worker] o.s.jdbc.datasource.init.ScriptUtils     : Executed SQL script from class path resource [testSchema.sql] in 8 ms.
2017-05-01 17:28:10.358  INFO 3938 --- [    Test worker] o.s.jdbc.datasource.init.ScriptUtils     : Executing SQL script from class path resource [data.sql]
2017-05-01 17:28:10.362  INFO 3938 --- [    Test worker] o.s.jdbc.datasource.init.ScriptUtils     : Executed SQL script from class path resource [data.sql] in 4 ms.
2017-05-01 17:28:10.366 DEBUG 3938 --- [    Test worker] o.s.s.w.u.matcher.AntPathRequestMatcher  : Checking match of request : '/hello'; against '/includes/**'
2017-05-01 17:28:10.367 DEBUG 3938 --- [    Test worker] o.s.s.w.u.matcher.AntPathRequestMatcher  : Checking match of request : '/hello'; against '/assets/**'
2017-05-01 17:28:10.367 DEBUG 3938 --- [    Test worker] o.s.security.web.FilterChainProxy        : /hello at position 1 of 11 in additional filter chain; firing Filter: 'WebAsyncManagerIntegrationFilter'
2017-05-01 17:28:10.367 DEBUG 3938 --- [    Test worker] o.s.security.web.FilterChainProxy        : /hello at position 2 of 11 in additional filter chain; firing Filter: 'SecurityContextPersistenceFilter'
2017-05-01 17:28:10.367 DEBUG 3938 --- [    Test worker] w.c.HttpSessionSecurityContextRepository : No HttpSession currently exists
2017-05-01 17:28:10.367 DEBUG 3938 --- [    Test worker] w.c.HttpSessionSecurityContextRepository : No SecurityContext was available from the HttpSession: null. A new one will be created.
2017-05-01 17:28:10.367 DEBUG 3938 --- [    Test worker] o.s.security.web.FilterChainProxy        : /hello at position 3 of 11 in additional filter chain; firing Filter: 'HeaderWriterFilter'
2017-05-01 17:28:10.368 DEBUG 3938 --- [    Test worker] o.s.s.w.header.writers.HstsHeaderWriter  : Not injecting HSTS header since it did not match the requestMatcher org.springframework.security.web.header.writers.HstsHeaderWriter$SecureRequestMatcher@5c9eb5a2
2017-05-01 17:28:10.368 DEBUG 3938 --- [    Test worker] o.s.security.web.FilterChainProxy        : /hello at position 4 of 11 in additional filter chain; firing Filter: 'LogoutFilter'
2017-05-01 17:28:10.368 DEBUG 3938 --- [    Test worker] o.s.s.web.util.matcher.OrRequestMatcher  : Trying to match using Ant [pattern='/logout', GET]
2017-05-01 17:28:10.368 DEBUG 3938 --- [    Test worker] o.s.s.w.u.matcher.AntPathRequestMatcher  : Checking match of request : '/hello'; against '/logout'
2017-05-01 17:28:10.368 DEBUG 3938 --- [    Test worker] o.s.s.web.util.matcher.OrRequestMatcher  : Trying to match using Ant [pattern='/logout', POST]
2017-05-01 17:28:10.368 DEBUG 3938 --- [    Test worker] o.s.s.w.u.matcher.AntPathRequestMatcher  : Request 'GET /hello' doesn't match 'POST /logout
2017-05-01 17:28:10.368 DEBUG 3938 --- [    Test worker] o.s.s.web.util.matcher.OrRequestMatcher  : Trying to match using Ant [pattern='/logout', PUT]
2017-05-01 17:28:10.368 DEBUG 3938 --- [    Test worker] o.s.s.w.u.matcher.AntPathRequestMatcher  : Request 'GET /hello' doesn't match 'PUT /logout
2017-05-01 17:28:10.368 DEBUG 3938 --- [    Test worker] o.s.s.web.util.matcher.OrRequestMatcher  : Trying to match using Ant [pattern='/logout', DELETE]
2017-05-01 17:28:10.369 DEBUG 3938 --- [    Test worker] o.s.s.w.u.matcher.AntPathRequestMatcher  : Request 'GET /hello' doesn't match 'DELETE /logout
2017-05-01 17:28:10.369 DEBUG 3938 --- [    Test worker] o.s.s.web.util.matcher.OrRequestMatcher  : No matches found
2017-05-01 17:28:10.369 DEBUG 3938 --- [    Test worker] o.s.security.web.FilterChainProxy        : /hello at position 5 of 11 in additional filter chain; firing Filter: 'UsernamePasswordAuthenticationFilter'
2017-05-01 17:28:10.369 DEBUG 3938 --- [    Test worker] o.s.s.w.u.matcher.AntPathRequestMatcher  : Request 'GET /hello' doesn't match 'POST /login
2017-05-01 17:28:10.369 DEBUG 3938 --- [    Test worker] o.s.security.web.FilterChainProxy        : /hello at position 6 of 11 in additional filter chain; firing Filter: 'RequestCacheAwareFilter'
2017-05-01 17:28:10.369 DEBUG 3938 --- [    Test worker] o.s.security.web.FilterChainProxy        : /hello at position 7 of 11 in additional filter chain; firing Filter: 'SecurityContextHolderAwareRequestFilter'
2017-05-01 17:28:10.369 DEBUG 3938 --- [    Test worker] o.s.security.web.FilterChainProxy        : /hello at position 8 of 11 in additional filter chain; firing Filter: 'AnonymousAuthenticationFilter'
2017-05-01 17:28:10.369 DEBUG 3938 --- [    Test worker] o.s.s.w.a.AnonymousAuthenticationFilter  : Populated SecurityContextHolder with anonymous token: 'org.springframework.security.authentication.AnonymousAuthenticationToken@9055e4a6: Principal: anonymousUser; Credentials: [PROTECTED]; Authenticated: true; Details: org.springframework.security.web.authentication.WebAuthenticationDetails@957e: RemoteIpAddress: 127.0.0.1; SessionId: null; Granted Authorities: ROLE_ANONYMOUS'
2017-05-01 17:28:10.369 DEBUG 3938 --- [    Test worker] o.s.security.web.FilterChainProxy        : /hello at position 9 of 11 in additional filter chain; firing Filter: 'SessionManagementFilter'
2017-05-01 17:28:10.370 DEBUG 3938 --- [    Test worker] o.s.security.web.FilterChainProxy        : /hello at position 10 of 11 in additional filter chain; firing Filter: 'ExceptionTranslationFilter'
2017-05-01 17:28:10.370 DEBUG 3938 --- [    Test worker] o.s.security.web.FilterChainProxy        : /hello at position 11 of 11 in additional filter chain; firing Filter: 'FilterSecurityInterceptor'
2017-05-01 17:28:10.370 DEBUG 3938 --- [    Test worker] o.s.s.w.u.matcher.AntPathRequestMatcher  : Checking match of request : '/hello'; against '/human-resources/**'
2017-05-01 17:28:10.370 DEBUG 3938 --- [    Test worker] o.s.s.w.u.matcher.AntPathRequestMatcher  : Checking match of request : '/hello'; against '/manager/**'
2017-05-01 17:28:10.370 DEBUG 3938 --- [    Test worker] o.s.s.w.u.matcher.AntPathRequestMatcher  : Checking match of request : '/hello'; against '/'
2017-05-01 17:28:10.370 DEBUG 3938 --- [    Test worker] o.s.s.w.u.matcher.AntPathRequestMatcher  : Checking match of request : '/hello'; against '/home'
2017-05-01 17:28:10.370 DEBUG 3938 --- [    Test worker] o.s.s.w.u.matcher.AntPathRequestMatcher  : Checking match of request : '/hello'; against '/login'
2017-05-01 17:28:10.370 DEBUG 3938 --- [    Test worker] o.s.s.w.u.matcher.AntPathRequestMatcher  : Checking match of request : '/hello'; against '/includes/**'
2017-05-01 17:28:10.371 DEBUG 3938 --- [    Test worker] o.s.s.w.u.matcher.AntPathRequestMatcher  : Checking match of request : '/hello'; against '/assets/**'
2017-05-01 17:28:10.371 DEBUG 3938 --- [    Test worker] o.s.s.w.a.i.FilterSecurityInterceptor    : Secure object: FilterInvocation: URL: /hello; Attributes: [authenticated]
2017-05-01 17:28:10.371 DEBUG 3938 --- [    Test worker] o.s.s.w.a.i.FilterSecurityInterceptor    : Previously Authenticated: org.springframework.security.authentication.AnonymousAuthenticationToken@9055e4a6: Principal: anonymousUser; Credentials: [PROTECTED]; Authenticated: true; Details: org.springframework.security.web.authentication.WebAuthenticationDetails@957e: RemoteIpAddress: 127.0.0.1; SessionId: null; Granted Authorities: ROLE_ANONYMOUS
2017-05-01 17:28:10.372 DEBUG 3938 --- [    Test worker] o.s.s.access.vote.AffirmativeBased       : Voter: org.springframework.security.web.access.expression.WebExpressionVoter@60989445, returned: -1
2017-05-01 17:28:10.385 DEBUG 3938 --- [    Test worker] o.s.s.w.a.ExceptionTranslationFilter     : Access is denied (user is anonymous); redirecting to authentication entry point

org.springframework.security.access.AccessDeniedException: Access is denied
	at org.springframework.security.access.vote.AffirmativeBased.decide(AffirmativeBased.java:84) ~[spring-security-core-4.2.2.RELEASE.jar:4.2.2.RELEASE]
	at org.springframework.security.access.intercept.AbstractSecurityInterceptor.beforeInvocation(AbstractSecurityInterceptor.java:233) ~[spring-security-core-4.2.2.RELEASE.jar:4.2.2.RELEASE]
	at org.springframework.security.web.access.intercept.FilterSecurityInterceptor.invoke(FilterSecurityInterceptor.java:124) ~[spring-security-web-4.2.2.RELEASE.jar:4.2.2.RELEASE]
	at org.springframework.security.web.access.intercept.FilterSecurityInterceptor.doFilter(FilterSecurityInterceptor.java:91) ~[spring-security-web-4.2.2.RELEASE.jar:4.2.2.RELEASE]
	at org.springframework.security.web.FilterChainProxy$VirtualFilterChain.doFilter(FilterChainProxy.java:331) [spring-security-web-4.2.2.RELEASE.jar:4.2.2.RELEASE]
	at org.springframework.security.web.access.ExceptionTranslationFilter.doFilter(ExceptionTranslationFilter.java:114) ~[spring-security-web-4.2.2.RELEASE.jar:4.2.2.RELEASE]
	at org.springframework.security.web.FilterChainProxy$VirtualFilterChain.doFilter(FilterChainProxy.java:331) [spring-security-web-4.2.2.RELEASE.jar:4.2.2.RELEASE]
	at org.springframework.security.web.session.SessionManagementFilter.doFilter(SessionManagementFilter.java:137) [spring-security-web-4.2.2.RELEASE.jar:4.2.2.RELEASE]
	at org.springframework.security.web.FilterChainProxy$VirtualFilterChain.doFilter(FilterChainProxy.java:331) [spring-security-web-4.2.2.RELEASE.jar:4.2.2.RELEASE]
	at org.springframework.security.web.authentication.AnonymousAuthenticationFilter.doFilter(AnonymousAuthenticationFilter.java:111) [spring-security-web-4.2.2.RELEASE.jar:4.2.2.RELEASE]
	at org.springframework.security.web.FilterChainProxy$VirtualFilterChain.doFilter(FilterChainProxy.java:331) [spring-security-web-4.2.2.RELEASE.jar:4.2.2.RELEASE]
	at org.springframework.security.web.servletapi.SecurityContextHolderAwareRequestFilter.doFilter(SecurityContextHolderAwareRequestFilter.java:170) [spring-security-web-4.2.2.RELEASE.jar:4.2.2.RELEASE]
	at org.springframework.security.web.FilterChainProxy$VirtualFilterChain.doFilter(FilterChainProxy.java:331) [spring-security-web-4.2.2.RELEASE.jar:4.2.2.RELEASE]
	at org.springframework.security.web.savedrequest.RequestCacheAwareFilter.doFilter(RequestCacheAwareFilter.java:63) [spring-security-web-4.2.2.RELEASE.jar:4.2.2.RELEASE]
	at org.springframework.security.web.FilterChainProxy$VirtualFilterChain.doFilter(FilterChainProxy.java:331) [spring-security-web-4.2.2.RELEASE.jar:4.2.2.RELEASE]
	at org.springframework.security.web.authentication.AbstractAuthenticationProcessingFilter.doFilter(AbstractAuthenticationProcessingFilter.java:200) [spring-security-web-4.2.2.RELEASE.jar:4.2.2.RELEASE]
	at org.springframework.security.web.FilterChainProxy$VirtualFilterChain.doFilter(FilterChainProxy.java:331) [spring-security-web-4.2.2.RELEASE.jar:4.2.2.RELEASE]
	at org.springframework.security.web.authentication.logout.LogoutFilter.doFilter(LogoutFilter.java:116) [spring-security-web-4.2.2.RELEASE.jar:4.2.2.RELEASE]
	at org.springframework.security.web.FilterChainProxy$VirtualFilterChain.doFilter(FilterChainProxy.java:331) [spring-security-web-4.2.2.RELEASE.jar:4.2.2.RELEASE]
	at org.springframework.security.web.header.HeaderWriterFilter.doFilterInternal(HeaderWriterFilter.java:64) [spring-security-web-4.2.2.RELEASE.jar:4.2.2.RELEASE]
	at org.springframework.web.filter.OncePerRequestFilter.doFilter(OncePerRequestFilter.java:107) [spring-web-4.3.7.RELEASE.jar:4.3.7.RELEASE]
	at org.springframework.security.web.FilterChainProxy$VirtualFilterChain.doFilter(FilterChainProxy.java:331) [spring-security-web-4.2.2.RELEASE.jar:4.2.2.RELEASE]
	at org.springframework.security.web.context.SecurityContextPersistenceFilter.doFilter(SecurityContextPersistenceFilter.java:105) [spring-security-web-4.2.2.RELEASE.jar:4.2.2.RELEASE]
	at org.springframework.security.web.FilterChainProxy$VirtualFilterChain.doFilter(FilterChainProxy.java:331) [spring-security-web-4.2.2.RELEASE.jar:4.2.2.RELEASE]
	at org.springframework.security.web.context.request.async.WebAsyncManagerIntegrationFilter.doFilterInternal(WebAsyncManagerIntegrationFilter.java:56) [spring-security-web-4.2.2.RELEASE.jar:4.2.2.RELEASE]
	at org.springframework.web.filter.OncePerRequestFilter.doFilter(OncePerRequestFilter.java:107) [spring-web-4.3.7.RELEASE.jar:4.3.7.RELEASE]
	at org.springframework.security.web.FilterChainProxy$VirtualFilterChain.doFilter(FilterChainProxy.java:331) [spring-security-web-4.2.2.RELEASE.jar:4.2.2.RELEASE]
	at org.springframework.security.web.FilterChainProxy.doFilterInternal(FilterChainProxy.java:214) [spring-security-web-4.2.2.RELEASE.jar:4.2.2.RELEASE]
	at org.springframework.security.web.FilterChainProxy.doFilter(FilterChainProxy.java:177) [spring-security-web-4.2.2.RELEASE.jar:4.2.2.RELEASE]
	at org.springframework.web.filter.DelegatingFilterProxy.invokeDelegate(DelegatingFilterProxy.java:346) [spring-web-4.3.7.RELEASE.jar:4.3.7.RELEASE]
	at org.springframework.web.filter.DelegatingFilterProxy.doFilter(DelegatingFilterProxy.java:262) [spring-web-4.3.7.RELEASE.jar:4.3.7.RELEASE]
	at org.springframework.mock.web.MockFilterChain.doFilter(MockFilterChain.java:134) [spring-test-4.3.7.RELEASE.jar:4.3.7.RELEASE]
	at org.springframework.web.filter.RequestContextFilter.doFilterInternal(RequestContextFilter.java:99) [spring-web-4.3.7.RELEASE.jar:4.3.7.RELEASE]
	at org.springframework.web.filter.OncePerRequestFilter.doFilter(OncePerRequestFilter.java:107) [spring-web-4.3.7.RELEASE.jar:4.3.7.RELEASE]
	at org.springframework.mock.web.MockFilterChain.doFilter(MockFilterChain.java:134) [spring-test-4.3.7.RELEASE.jar:4.3.7.RELEASE]
	at org.springframework.web.filter.HttpPutFormContentFilter.doFilterInternal(HttpPutFormContentFilter.java:105) [spring-web-4.3.7.RELEASE.jar:4.3.7.RELEASE]
	at org.springframework.web.filter.OncePerRequestFilter.doFilter(OncePerRequestFilter.java:107) [spring-web-4.3.7.RELEASE.jar:4.3.7.RELEASE]
	at org.springframework.mock.web.MockFilterChain.doFilter(MockFilterChain.java:134) [spring-test-4.3.7.RELEASE.jar:4.3.7.RELEASE]
	at org.springframework.web.filter.HiddenHttpMethodFilter.doFilterInternal(HiddenHttpMethodFilter.java:81) [spring-web-4.3.7.RELEASE.jar:4.3.7.RELEASE]
	at org.springframework.web.filter.OncePerRequestFilter.doFilter(OncePerRequestFilter.java:107) [spring-web-4.3.7.RELEASE.jar:4.3.7.RELEASE]
	at org.springframework.mock.web.MockFilterChain.doFilter(MockFilterChain.java:134) [spring-test-4.3.7.RELEASE.jar:4.3.7.RELEASE]
	at org.springframework.web.filter.CharacterEncodingFilter.doFilterInternal(CharacterEncodingFilter.java:197) [spring-web-4.3.7.RELEASE.jar:4.3.7.RELEASE]
	at org.springframework.web.filter.OncePerRequestFilter.doFilter(OncePerRequestFilter.java:107) [spring-web-4.3.7.RELEASE.jar:4.3.7.RELEASE]
	at org.springframework.mock.web.MockFilterChain.doFilter(MockFilterChain.java:134) [spring-test-4.3.7.RELEASE.jar:4.3.7.RELEASE]
	at org.springframework.boot.actuate.autoconfigure.MetricsFilter.doFilterInternal(MetricsFilter.java:106) [spring-boot-actuator-1.5.2.RELEASE.jar:1.5.2.RELEASE]
	at org.springframework.web.filter.OncePerRequestFilter.doFilter(OncePerRequestFilter.java:107) [spring-web-4.3.7.RELEASE.jar:4.3.7.RELEASE]
	at org.springframework.mock.web.MockFilterChain.doFilter(MockFilterChain.java:134) [spring-test-4.3.7.RELEASE.jar:4.3.7.RELEASE]
	at org.springframework.test.web.servlet.MockMvc.perform(MockMvc.java:155) [spring-test-4.3.7.RELEASE.jar:4.3.7.RELEASE]
	at edu.xavier.csci260.atinlay.ApplicationTest.accessSecuredResourceUnauthenticatedThenRedirectsToLogin(ApplicationTest.java:113) [test/:na]
	at sun.reflect.NativeMethodAccessorImpl.invoke0(Native Method) ~[na:1.8.0_121]
	at sun.reflect.NativeMethodAccessorImpl.invoke(NativeMethodAccessorImpl.java:62) ~[na:1.8.0_121]
	at sun.reflect.DelegatingMethodAccessorImpl.invoke(DelegatingMethodAccessorImpl.java:43) ~[na:1.8.0_121]
	at java.lang.reflect.Method.invoke(Method.java:498) ~[na:1.8.0_121]
	at org.junit.runners.model.FrameworkMethod$1.runReflectiveCall(FrameworkMethod.java:50) [junit-4.12.jar:4.12]
	at org.junit.internal.runners.model.ReflectiveCallable.run(ReflectiveCallable.java:12) [junit-4.12.jar:4.12]
	at org.junit.runners.model.FrameworkMethod.invokeExplosively(FrameworkMethod.java:47) [junit-4.12.jar:4.12]
	at org.junit.internal.runners.statements.InvokeMethod.evaluate(InvokeMethod.java:17) [junit-4.12.jar:4.12]
	at org.springframework.test.context.junit4.statements.RunBeforeTestMethodCallbacks.evaluate(RunBeforeTestMethodCallbacks.java:75) [spring-test-4.3.7.RELEASE.jar:4.3.7.RELEASE]
	at org.springframework.test.context.junit4.statements.RunAfterTestMethodCallbacks.evaluate(RunAfterTestMethodCallbacks.java:86) [spring-test-4.3.7.RELEASE.jar:4.3.7.RELEASE]
	at org.springframework.test.context.junit4.statements.SpringRepeat.evaluate(SpringRepeat.java:84) [spring-test-4.3.7.RELEASE.jar:4.3.7.RELEASE]
	at org.junit.runners.ParentRunner.runLeaf(ParentRunner.java:325) [junit-4.12.jar:4.12]
	at org.springframework.test.context.junit4.SpringJUnit4ClassRunner.runChild(SpringJUnit4ClassRunner.java:252) [spring-test-4.3.7.RELEASE.jar:4.3.7.RELEASE]
	at org.springframework.test.context.junit4.SpringJUnit4ClassRunner.runChild(SpringJUnit4ClassRunner.java:94) [spring-test-4.3.7.RELEASE.jar:4.3.7.RELEASE]
	at org.junit.runners.ParentRunner$3.run(ParentRunner.java:290) [junit-4.12.jar:4.12]
	at org.junit.runners.ParentRunner$1.schedule(ParentRunner.java:71) [junit-4.12.jar:4.12]
	at org.junit.runners.ParentRunner.runChildren(ParentRunner.java:288) [junit-4.12.jar:4.12]
	at org.junit.runners.ParentRunner.access$000(ParentRunner.java:58) [junit-4.12.jar:4.12]
	at org.junit.runners.ParentRunner$2.evaluate(ParentRunner.java:268) [junit-4.12.jar:4.12]
	at org.springframework.test.context.junit4.statements.RunBeforeTestClassCallbacks.evaluate(RunBeforeTestClassCallbacks.java:61) [spring-test-4.3.7.RELEASE.jar:4.3.7.RELEASE]
	at org.springframework.test.context.junit4.statements.RunAfterTestClassCallbacks.evaluate(RunAfterTestClassCallbacks.java:70) [spring-test-4.3.7.RELEASE.jar:4.3.7.RELEASE]
	at org.junit.runners.ParentRunner.run(ParentRunner.java:363) [junit-4.12.jar:4.12]
	at org.springframework.test.context.junit4.SpringJUnit4ClassRunner.run(SpringJUnit4ClassRunner.java:191) [spring-test-4.3.7.RELEASE.jar:4.3.7.RELEASE]
	at org.gradle.api.internal.tasks.testing.junit.JUnitTestClassExecuter.runTestClass(JUnitTestClassExecuter.java:114) [gradle-testing-jvm-3.4.1.jar:3.4.1]
	at org.gradle.api.internal.tasks.testing.junit.JUnitTestClassExecuter.execute(JUnitTestClassExecuter.java:57) [gradle-testing-jvm-3.4.1.jar:3.4.1]
	at org.gradle.api.internal.tasks.testing.junit.JUnitTestClassProcessor.processTestClass(JUnitTestClassProcessor.java:66) [gradle-testing-jvm-3.4.1.jar:3.4.1]
	at org.gradle.api.internal.tasks.testing.SuiteTestClassProcessor.processTestClass(SuiteTestClassProcessor.java:51) [gradle-testing-base-3.4.1.jar:3.4.1]
	at sun.reflect.NativeMethodAccessorImpl.invoke0(Native Method) ~[na:1.8.0_121]
	at sun.reflect.NativeMethodAccessorImpl.invoke(NativeMethodAccessorImpl.java:62) ~[na:1.8.0_121]
	at sun.reflect.DelegatingMethodAccessorImpl.invoke(DelegatingMethodAccessorImpl.java:43) ~[na:1.8.0_121]
	at java.lang.reflect.Method.invoke(Method.java:498) ~[na:1.8.0_121]
	at org.gradle.internal.dispatch.ReflectionDispatch.dispatch(ReflectionDispatch.java:35) [gradle-messaging-3.4.1.jar:3.4.1]
	at org.gradle.internal.dispatch.ReflectionDispatch.dispatch(ReflectionDispatch.java:24) [gradle-messaging-3.4.1.jar:3.4.1]
	at org.gradle.internal.dispatch.ContextClassLoaderDispatch.dispatch(ContextClassLoaderDispatch.java:32) [gradle-messaging-3.4.1.jar:3.4.1]
	at org.gradle.internal.dispatch.ProxyDispatchAdapter$DispatchingInvocationHandler.invoke(ProxyDispatchAdapter.java:93) [gradle-messaging-3.4.1.jar:3.4.1]
	at com.sun.proxy.$Proxy3.processTestClass(Unknown Source) [na:na]
	at org.gradle.api.internal.tasks.testing.worker.TestWorker.processTestClass(TestWorker.java:109) [gradle-testing-base-3.4.1.jar:3.4.1]
	at sun.reflect.NativeMethodAccessorImpl.invoke0(Native Method) ~[na:1.8.0_121]
	at sun.reflect.NativeMethodAccessorImpl.invoke(NativeMethodAccessorImpl.java:62) ~[na:1.8.0_121]
	at sun.reflect.DelegatingMethodAccessorImpl.invoke(DelegatingMethodAccessorImpl.java:43) ~[na:1.8.0_121]
	at java.lang.reflect.Method.invoke(Method.java:498) ~[na:1.8.0_121]
	at org.gradle.internal.dispatch.ReflectionDispatch.dispatch(ReflectionDispatch.java:35) [gradle-messaging-3.4.1.jar:3.4.1]
	at org.gradle.internal.dispatch.ReflectionDispatch.dispatch(ReflectionDispatch.java:24) [gradle-messaging-3.4.1.jar:3.4.1]
	at org.gradle.internal.remote.internal.hub.MessageHubBackedObjectConnection$DispatchWrapper.dispatch(MessageHubBackedObjectConnection.java:147) [gradle-messaging-3.4.1.jar:3.4.1]
	at org.gradle.internal.remote.internal.hub.MessageHubBackedObjectConnection$DispatchWrapper.dispatch(MessageHubBackedObjectConnection.java:129) [gradle-messaging-3.4.1.jar:3.4.1]
	at org.gradle.internal.remote.internal.hub.MessageHub$Handler.run(MessageHub.java:404) [gradle-messaging-3.4.1.jar:3.4.1]
	at org.gradle.internal.concurrent.ExecutorPolicy$CatchAndRecordFailures.onExecute(ExecutorPolicy.java:63) [gradle-base-services-3.4.1.jar:3.4.1]
	at org.gradle.internal.concurrent.StoppableExecutorImpl$1.run(StoppableExecutorImpl.java:46) [gradle-base-services-3.4.1.jar:3.4.1]
	at java.util.concurrent.ThreadPoolExecutor.runWorker(ThreadPoolExecutor.java:1142) [na:1.8.0_121]
	at java.util.concurrent.ThreadPoolExecutor$Worker.run(ThreadPoolExecutor.java:617) [na:1.8.0_121]
	at java.lang.Thread.run(Thread.java:745) [na:1.8.0_121]

2017-05-01 17:28:10.403 DEBUG 3938 --- [    Test worker] o.s.s.w.util.matcher.AndRequestMatcher   : Trying to match using NegatedRequestMatcher [requestMatcher=Ant [pattern='/**/favicon.ico']]
2017-05-01 17:28:10.403 DEBUG 3938 --- [    Test worker] o.s.s.w.u.matcher.AntPathRequestMatcher  : Checking match of request : '/hello'; against '/**/favicon.ico'
2017-05-01 17:28:10.404 DEBUG 3938 --- [    Test worker] o.s.s.w.u.matcher.NegatedRequestMatcher  : matches = true
2017-05-01 17:28:10.404 DEBUG 3938 --- [    Test worker] o.s.s.w.util.matcher.AndRequestMatcher   : Trying to match using NegatedRequestMatcher [requestMatcher=MediaTypeRequestMatcher [contentNegotiationStrategy=org.springframework.web.accept.ContentNegotiationManager@512f30d, matchingMediaTypes=[application/json], useEquals=false, ignoredMediaTypes=[*/*]]]
2017-05-01 17:28:10.404 DEBUG 3938 --- [    Test worker] o.s.s.w.u.m.MediaTypeRequestMatcher      : httpRequestMediaTypes=[]
2017-05-01 17:28:10.405 DEBUG 3938 --- [    Test worker] o.s.s.w.u.m.MediaTypeRequestMatcher      : Did not match any media types
2017-05-01 17:28:10.405 DEBUG 3938 --- [    Test worker] o.s.s.w.u.matcher.NegatedRequestMatcher  : matches = true
2017-05-01 17:28:10.405 DEBUG 3938 --- [    Test worker] o.s.s.w.util.matcher.AndRequestMatcher   : Trying to match using NegatedRequestMatcher [requestMatcher=RequestHeaderRequestMatcher [expectedHeaderName=X-Requested-With, expectedHeaderValue=XMLHttpRequest]]
2017-05-01 17:28:10.405 DEBUG 3938 --- [    Test worker] o.s.s.w.u.matcher.NegatedRequestMatcher  : matches = true
2017-05-01 17:28:10.405 DEBUG 3938 --- [    Test worker] o.s.s.w.util.matcher.AndRequestMatcher   : All requestMatchers returned true
2017-05-01 17:28:10.409 DEBUG 3938 --- [    Test worker] o.s.s.w.s.HttpSessionRequestCache        : DefaultSavedRequest added to Session: DefaultSavedRequest[http://localhost/hello]
2017-05-01 17:28:10.409 DEBUG 3938 --- [    Test worker] o.s.s.w.a.ExceptionTranslationFilter     : Calling Authentication entry point.
2017-05-01 17:28:10.410 DEBUG 3938 --- [    Test worker] o.s.s.web.DefaultRedirectStrategy        : Redirecting to 'http://localhost/login'
2017-05-01 17:28:10.411 DEBUG 3938 --- [    Test worker] w.c.HttpSessionSecurityContextRepository : SecurityContext is empty or contents are anonymous - context will not be stored in HttpSession.
2017-05-01 17:28:10.411 DEBUG 3938 --- [    Test worker] s.s.w.c.SecurityContextPersistenceFilter : SecurityContextHolder now cleared, as request processing completed
2017-05-01 17:28:10.420  INFO 3938 --- [    Test worker] o.s.jdbc.datasource.init.ScriptUtils     : Executing SQL script from class path resource [tearDown.sql]
2017-05-01 17:28:10.423  INFO 3938 --- [    Test worker] o.s.jdbc.datasource.init.ScriptUtils     : Executed SQL script from class path resource [tearDown.sql] in 3 ms.
2017-05-01 17:28:10.428  INFO 3938 --- [    Test worker] o.s.jdbc.datasource.init.ScriptUtils     : Executing SQL script from class path resource [testSchema.sql]
2017-05-01 17:28:10.435  INFO 3938 --- [    Test worker] o.s.jdbc.datasource.init.ScriptUtils     : Executed SQL script from class path resource [testSchema.sql] in 6 ms.
2017-05-01 17:28:10.437  INFO 3938 --- [    Test worker] o.s.jdbc.datasource.init.ScriptUtils     : Executing SQL script from class path resource [data.sql]
2017-05-01 17:28:10.440  INFO 3938 --- [    Test worker] o.s.jdbc.datasource.init.ScriptUtils     : Executed SQL script from class path resource [data.sql] in 3 ms.
2017-05-01 17:28:10.444 DEBUG 3938 --- [    Test worker] o.s.s.w.u.matcher.AntPathRequestMatcher  : Checking match of request : '/login'; against '/includes/**'
2017-05-01 17:28:10.445 DEBUG 3938 --- [    Test worker] o.s.s.w.u.matcher.AntPathRequestMatcher  : Checking match of request : '/login'; against '/assets/**'
2017-05-01 17:28:10.445 DEBUG 3938 --- [    Test worker] o.s.s.w.u.matcher.AntPathRequestMatcher  : Checking match of request : '/login'; against '/includes/**'
2017-05-01 17:28:10.445 DEBUG 3938 --- [    Test worker] o.s.s.w.u.matcher.AntPathRequestMatcher  : Checking match of request : '/login'; against '/assets/**'
2017-05-01 17:28:10.445 DEBUG 3938 --- [    Test worker] o.s.s.w.u.matcher.AntPathRequestMatcher  : Checking match of request : '/login'; against '/includes/**'
2017-05-01 17:28:10.446 DEBUG 3938 --- [    Test worker] o.s.s.w.u.matcher.AntPathRequestMatcher  : Checking match of request : '/login'; against '/assets/**'
2017-05-01 17:28:10.446 DEBUG 3938 --- [    Test worker] o.s.security.web.FilterChainProxy        : /login at position 1 of 11 in additional filter chain; firing Filter: 'WebAsyncManagerIntegrationFilter'
[...]
2017-05-01 17:28:10.705 DEBUG 3938 --- [    Test worker] s.s.w.c.SecurityContextPersistenceFilter : SecurityContextHolder now cleared, as request processing completed
2017-05-01 17:28:10.713  INFO 3938 --- [    Test worker] o.s.jdbc.datasource.init.ScriptUtils     : Executing SQL script from class path resource [tearDown.sql]
2017-05-01 17:28:10.716  INFO 3938 --- [    Test worker] o.s.jdbc.datasource.init.ScriptUtils     : Executed SQL script from class path resource [tearDown.sql] in 3 ms.
2017-05-01 17:28:10.722  INFO 3938 --- [    Test worker] o.s.jdbc.datasource.init.ScriptUtils     : Executing SQL script from class path resource [testSchema.sql]
2017-05-01 17:28:10.729  INFO 3938 --- [    Test worker] o.s.jdbc.datasource.init.ScriptUtils     : Executed SQL script from class path resource [testSchema.sql] in 6 ms.
2017-05-01 17:28:10.732  INFO 3938 --- [    Test worker] o.s.jdbc.datasource.init.ScriptUtils     : Executing SQL script from class path resource [data.sql]
2017-05-01 17:28:10.735  INFO 3938 --- [    Test worker] o.s.jdbc.datasource.init.ScriptUtils     : Executed SQL script from class path resource [data.sql] in 3 ms.
2017-05-01 17:28:10.740 DEBUG 3938 --- [    Test worker] o.s.s.w.u.matcher.AntPathRequestMatcher  : Checking match of request : '/hello'; against '/includes/**'
2017-05-01 17:28:10.741 DEBUG 3938 --- [    Test worker] o.s.s.w.u.matcher.AntPathRequestMatcher  : Checking match of request : '/hello'; against '/assets/**'
2017-05-01 17:28:10.741 DEBUG 3938 --- [    Test worker] w.c.HttpSessionSecurityContextRepository : No HttpSession currently exists
2017-05-01 17:28:10.741 DEBUG 3938 --- [    Test worker] w.c.HttpSessionSecurityContextRepository : No SecurityContext was available from the HttpSession: null. A new one will be created.
2017-05-01 17:28:10.742 DEBUG 3938 --- [    Test worker] w.c.HttpSessionSecurityContextRepository : HttpSession being created as SecurityContext is non-default
2017-05-01 17:28:10.742 DEBUG 3938 --- [    Test worker] w.c.HttpSessionSecurityContextRepository : SecurityContext 'org.springframework.security.core.context.SecurityContextImpl@ca25360: Authentication: org.springframework.security.authentication.UsernamePasswordAuthenticationToken@ca25360: Principal: org.springframework.security.core.userdetails.User@36ebcb: Username: user; Password: [PROTECTED]; Enabled: true; AccountNonExpired: true; credentialsNonExpired: true; AccountNonLocked: true; Granted Authorities: ROLE_USER; Credentials: [PROTECTED]; Authenticated: true; Details: null; Granted Authorities: ROLE_USER' stored to HttpSession: 'org.springframework.mock.web.MockHttpSession@6dde1467
2017-05-01 17:28:10.743 DEBUG 3938 --- [    Test worker] o.s.s.w.u.matcher.AntPathRequestMatcher  : Checking match of request : '/hello'; against '/includes/**'
2017-05-01 17:28:10.743 DEBUG 3938 --- [    Test worker] o.s.s.w.u.matcher.AntPathRequestMatcher  : Checking match of request : '/hello'; against '/assets/**'
2017-05-01 17:28:10.744 DEBUG 3938 --- [    Test worker] o.s.security.web.FilterChainProxy        : /hello at position 1 of 11 in additional filter chain; firing Filter: 'WebAsyncManagerIntegrationFilter'
2017-05-01 17:28:10.744 DEBUG 3938 --- [    Test worker] o.s.security.web.FilterChainProxy        : /hello at position 2 of 11 in additional filter chain; firing Filter: 'SecurityContextPersistenceFilter'
2017-05-01 17:28:10.745 DEBUG 3938 --- [    Test worker] w.c.HttpSessionSecurityContextRepository : Obtained a valid SecurityContext from SPRING_SECURITY_CONTEXT: 'org.springframework.security.core.context.SecurityContextImpl@ca25360: Authentication: org.springframework.security.authentication.UsernamePasswordAuthenticationToken@ca25360: Principal: org.springframework.security.core.userdetails.User@36ebcb: Username: user; Password: [PROTECTED]; Enabled: true; AccountNonExpired: true; credentialsNonExpired: true; AccountNonLocked: true; Granted Authorities: ROLE_USER; Credentials: [PROTECTED]; Authenticated: true; Details: null; Granted Authorities: ROLE_USER'
2017-05-01 17:28:10.745 DEBUG 3938 --- [    Test worker] o.s.security.web.FilterChainProxy        : /hello at position 3 of 11 in additional filter chain; firing Filter: 'HeaderWriterFilter'
2017-05-01 17:28:10.745 DEBUG 3938 --- [    Test worker] o.s.s.w.header.writers.HstsHeaderWriter  : Not injecting HSTS header since it did not match the requestMatcher org.springframework.security.web.header.writers.HstsHeaderWriter$SecureRequestMatcher@5c9eb5a2
2017-05-01 17:28:10.746 DEBUG 3938 --- [    Test worker] o.s.security.web.FilterChainProxy        : /hello at position 4 of 11 in additional filter chain; firing Filter: 'LogoutFilter'
2017-05-01 17:28:10.746 DEBUG 3938 --- [    Test worker] o.s.s.web.util.matcher.OrRequestMatcher  : Trying to match using Ant [pattern='/logout', GET]
2017-05-01 17:28:10.747 DEBUG 3938 --- [    Test worker] o.s.s.w.u.matcher.AntPathRequestMatcher  : Checking match of request : '/hello'; against '/logout'
2017-05-01 17:28:10.747 DEBUG 3938 --- [    Test worker] o.s.s.web.util.matcher.OrRequestMatcher  : Trying to match using Ant [pattern='/logout', POST]
2017-05-01 17:28:10.747 DEBUG 3938 --- [    Test worker] o.s.s.w.u.matcher.AntPathRequestMatcher  : Request 'GET /hello' doesn't match 'POST /logout
2017-05-01 17:28:10.747 DEBUG 3938 --- [    Test worker] o.s.s.web.util.matcher.OrRequestMatcher  : Trying to match using Ant [pattern='/logout', PUT]
2017-05-01 17:28:10.748 DEBUG 3938 --- [    Test worker] o.s.s.w.u.matcher.AntPathRequestMatcher  : Request 'GET /hello' doesn't match 'PUT /logout
2017-05-01 17:28:10.748 DEBUG 3938 --- [    Test worker] o.s.s.web.util.matcher.OrRequestMatcher  : Trying to match using Ant [pattern='/logout', DELETE]
2017-05-01 17:28:10.748 DEBUG 3938 --- [    Test worker] o.s.s.w.u.matcher.AntPathRequestMatcher  : Request 'GET /hello' doesn't match 'DELETE /logout
2017-05-01 17:28:10.749 DEBUG 3938 --- [    Test worker] o.s.s.web.util.matcher.OrRequestMatcher  : No matches found
2017-05-01 17:28:10.749 DEBUG 3938 --- [    Test worker] o.s.security.web.FilterChainProxy        : /hello at position 5 of 11 in additional filter chain; firing Filter: 'UsernamePasswordAuthenticationFilter'
2017-05-01 17:28:10.749 DEBUG 3938 --- [    Test worker] o.s.s.w.u.matcher.AntPathRequestMatcher  : Request 'GET /hello' doesn't match 'POST /login
2017-05-01 17:28:10.750 DEBUG 3938 --- [    Test worker] o.s.security.web.FilterChainProxy        : /hello at position 6 of 11 in additional filter chain; firing Filter: 'RequestCacheAwareFilter'
2017-05-01 17:28:10.750 DEBUG 3938 --- [    Test worker] o.s.security.web.FilterChainProxy        : /hello at position 7 of 11 in additional filter chain; firing Filter: 'SecurityContextHolderAwareRequestFilter'
2017-05-01 17:28:10.750 DEBUG 3938 --- [    Test worker] o.s.security.web.FilterChainProxy        : /hello at position 8 of 11 in additional filter chain; firing Filter: 'AnonymousAuthenticationFilter'
2017-05-01 17:28:10.751 DEBUG 3938 --- [    Test worker] o.s.s.w.a.AnonymousAuthenticationFilter  : SecurityContextHolder not populated with anonymous token, as it already contained: 'org.springframework.security.authentication.UsernamePasswordAuthenticationToken@ca25360: Principal: org.springframework.security.core.userdetails.User@36ebcb: Username: user; Password: [PROTECTED]; Enabled: true; AccountNonExpired: true; credentialsNonExpired: true; AccountNonLocked: true; Granted Authorities: ROLE_USER; Credentials: [PROTECTED]; Authenticated: true; Details: null; Granted Authorities: ROLE_USER'
2017-05-01 17:28:10.751 DEBUG 3938 --- [    Test worker] o.s.security.web.FilterChainProxy        : /hello at position 9 of 11 in additional filter chain; firing Filter: 'SessionManagementFilter'
2017-05-01 17:28:10.751 DEBUG 3938 --- [    Test worker] o.s.security.web.FilterChainProxy        : /hello at position 10 of 11 in additional filter chain; firing Filter: 'ExceptionTranslationFilter'
2017-05-01 17:28:10.752 DEBUG 3938 --- [    Test worker] o.s.security.web.FilterChainProxy        : /hello at position 11 of 11 in additional filter chain; firing Filter: 'FilterSecurityInterceptor'
2017-05-01 17:28:10.752 DEBUG 3938 --- [    Test worker] o.s.s.w.u.matcher.AntPathRequestMatcher  : Checking match of request : '/hello'; against '/human-resources/**'
2017-05-01 17:28:10.753 DEBUG 3938 --- [    Test worker] o.s.s.w.u.matcher.AntPathRequestMatcher  : Checking match of request : '/hello'; against '/manager/**'
2017-05-01 17:28:10.753 DEBUG 3938 --- [    Test worker] o.s.s.w.u.matcher.AntPathRequestMatcher  : Checking match of request : '/hello'; against '/'
2017-05-01 17:28:10.754 DEBUG 3938 --- [    Test worker] o.s.s.w.u.matcher.AntPathRequestMatcher  : Checking match of request : '/hello'; against '/home'
2017-05-01 17:28:10.754 DEBUG 3938 --- [    Test worker] o.s.s.w.u.matcher.AntPathRequestMatcher  : Checking match of request : '/hello'; against '/login'
2017-05-01 17:28:10.754 DEBUG 3938 --- [    Test worker] o.s.s.w.u.matcher.AntPathRequestMatcher  : Checking match of request : '/hello'; against '/includes/**'
2017-05-01 17:28:10.755 DEBUG 3938 --- [    Test worker] o.s.s.w.u.matcher.AntPathRequestMatcher  : Checking match of request : '/hello'; against '/assets/**'
2017-05-01 17:28:10.755 DEBUG 3938 --- [    Test worker] o.s.s.w.a.i.FilterSecurityInterceptor    : Secure object: FilterInvocation: URL: /hello; Attributes: [authenticated]
2017-05-01 17:28:10.755 DEBUG 3938 --- [    Test worker] o.s.s.w.a.i.FilterSecurityInterceptor    : Previously Authenticated: org.springframework.security.authentication.UsernamePasswordAuthenticationToken@ca25360: Principal: org.springframework.security.core.userdetails.User@36ebcb: Username: user; Password: [PROTECTED]; Enabled: true; AccountNonExpired: true; credentialsNonExpired: true; AccountNonLocked: true; Granted Authorities: ROLE_USER; Credentials: [PROTECTED]; Authenticated: true; Details: null; Granted Authorities: ROLE_USER
2017-05-01 17:28:10.756 DEBUG 3938 --- [    Test worker] o.s.s.access.vote.AffirmativeBased       : Voter: org.springframework.security.web.access.expression.WebExpressionVoter@60989445, returned: 1
2017-05-01 17:28:10.756 DEBUG 3938 --- [    Test worker] o.s.s.w.a.i.FilterSecurityInterceptor    : Authorization successful
2017-05-01 17:28:10.757 DEBUG 3938 --- [    Test worker] o.s.s.w.a.i.FilterSecurityInterceptor    : RunAsManager did not change Authentication object
2017-05-01 17:28:10.757 DEBUG 3938 --- [    Test worker] o.s.security.web.FilterChainProxy        : /hello reached end of additional filter chain; proceeding with original chain
2017-05-01 17:28:10.846 DEBUG 3938 --- [    Test worker] o.s.s.w.a.ExceptionTranslationFilter     : Chain processed normally
2017-05-01 17:28:10.847 DEBUG 3938 --- [    Test worker] s.s.w.c.SecurityContextPersistenceFilter : SecurityContextHolder now cleared, as request processing completed
2017-05-01 17:28:10.854  INFO 3938 --- [    Test worker] o.s.jdbc.datasource.init.ScriptUtils     : Executing SQL script from class path resource [tearDown.sql]
2017-05-01 17:28:10.858  INFO 3938 --- [    Test worker] o.s.jdbc.datasource.init.ScriptUtils     : Executed SQL script from class path resource [tearDown.sql] in 3 ms.
2017-05-01 17:28:10.865  INFO 3938 --- [    Test worker] o.s.jdbc.datasource.init.ScriptUtils     : Executing SQL script from class path resource [testSchema.sql]
2017-05-01 17:28:10.871  INFO 3938 --- [    Test worker] o.s.jdbc.datasource.init.ScriptUtils     : Executed SQL script from class path resource [testSchema.sql] in 6 ms.
2017-05-01 17:28:10.873  INFO 3938 --- [    Test worker] o.s.jdbc.datasource.init.ScriptUtils     : Executing SQL script from class path resource [data.sql]
2017-05-01 17:28:10.876  INFO 3938 --- [    Test worker] o.s.jdbc.datasource.init.ScriptUtils     : Executed SQL script from class path resource [data.sql] in 3 ms.
2017-05-01 17:28:10.880 DEBUG 3938 --- [    Test worker] o.s.s.w.u.matcher.AntPathRequestMatcher  : Checking match of request : '/login'; against '/includes/**'
2017-05-01 17:28:10.880 DEBUG 3938 --- [    Test worker] o.s.s.w.u.matcher.AntPathRequestMatcher  : Checking match of request : '/login'; against '/assets/**'
2017-05-01 17:28:10.880 DEBUG 3938 --- [    Test worker] o.s.s.w.u.matcher.AntPathRequestMatcher  : Checking match of request : '/login'; against '/includes/**'
2017-05-01 17:28:10.880 DEBUG 3938 --- [    Test worker] o.s.s.w.u.matcher.AntPathRequestMatcher  : Checking match of request : '/login'; against '/assets/**'
2017-05-01 17:28:10.881 DEBUG 3938 --- [    Test worker] o.s.s.w.u.matcher.AntPathRequestMatcher  : Checking match of request : '/login'; against '/includes/**'
2017-05-01 17:28:10.881 DEBUG 3938 --- [    Test worker] o.s.s.w.u.matcher.AntPathRequestMatcher  : Checking match of request : '/login'; against '/assets/**'
2017-05-01 17:28:10.881 DEBUG 3938 --- [    Test worker] o.s.security.web.FilterChainProxy        : /login at position 1 of 11 in additional filter chain; firing Filter: 'WebAsyncManagerIntegrationFilter'
2017-05-01 17:28:10.881 DEBUG 3938 --- [    Test worker] o.s.security.web.FilterChainProxy        : /login at position 2 of 11 in additional filter chain; firing Filter: 'SecurityContextPersistenceFilter'
2017-05-01 17:28:10.881 DEBUG 3938 --- [    Test worker] w.c.HttpSessionSecurityContextRepository : No HttpSession currently exists
2017-05-01 17:28:10.881 DEBUG 3938 --- [    Test worker] w.c.HttpSessionSecurityContextRepository : No SecurityContext was available from the HttpSession: null. A new one will be created.
2017-05-01 17:28:10.881 DEBUG 3938 --- [    Test worker] o.s.security.web.FilterChainProxy        : /login at position 3 of 11 in additional filter chain; firing Filter: 'HeaderWriterFilter'
2017-05-01 17:28:10.881 DEBUG 3938 --- [    Test worker] o.s.s.w.header.writers.HstsHeaderWriter  : Not injecting HSTS header since it did not match the requestMatcher org.springframework.security.web.header.writers.HstsHeaderWriter$SecureRequestMatcher@5c9eb5a2
2017-05-01 17:28:10.881 DEBUG 3938 --- [    Test worker] o.s.security.web.FilterChainProxy        : /login at position 4 of 11 in additional filter chain; firing Filter: 'LogoutFilter'
2017-05-01 17:28:10.882 DEBUG 3938 --- [    Test worker] o.s.s.web.util.matcher.OrRequestMatcher  : Trying to match using Ant [pattern='/logout', GET]
2017-05-01 17:28:10.882 DEBUG 3938 --- [    Test worker] o.s.s.w.u.matcher.AntPathRequestMatcher  : Request 'POST /login' doesn't match 'GET /logout
2017-05-01 17:28:10.882 DEBUG 3938 --- [    Test worker] o.s.s.web.util.matcher.OrRequestMatcher  : Trying to match using Ant [pattern='/logout', POST]
2017-05-01 17:28:10.882 DEBUG 3938 --- [    Test worker] o.s.s.w.u.matcher.AntPathRequestMatcher  : Checking match of request : '/login'; against '/logout'
2017-05-01 17:28:10.882 DEBUG 3938 --- [    Test worker] o.s.s.web.util.matcher.OrRequestMatcher  : Trying to match using Ant [pattern='/logout', PUT]
2017-05-01 17:28:10.882 DEBUG 3938 --- [    Test worker] o.s.s.w.u.matcher.AntPathRequestMatcher  : Request 'POST /login' doesn't match 'PUT /logout
2017-05-01 17:28:10.882 DEBUG 3938 --- [    Test worker] o.s.s.web.util.matcher.OrRequestMatcher  : Trying to match using Ant [pattern='/logout', DELETE]
2017-05-01 17:28:10.882 DEBUG 3938 --- [    Test worker] o.s.s.w.u.matcher.AntPathRequestMatcher  : Request 'POST /login' doesn't match 'DELETE /logout
2017-05-01 17:28:10.882 DEBUG 3938 --- [    Test worker] o.s.s.web.util.matcher.OrRequestMatcher  : No matches found
2017-05-01 17:28:10.882 DEBUG 3938 --- [    Test worker] o.s.security.web.FilterChainProxy        : /login at position 5 of 11 in additional filter chain; firing Filter: 'UsernamePasswordAuthenticationFilter'
2017-05-01 17:28:10.882 DEBUG 3938 --- [    Test worker] o.s.s.w.u.matcher.AntPathRequestMatcher  : Checking match of request : '/login'; against '/login'
2017-05-01 17:28:10.882 DEBUG 3938 --- [    Test worker] w.a.UsernamePasswordAuthenticationFilter : Request is to process authentication
2017-05-01 17:28:10.882 DEBUG 3938 --- [    Test worker] o.s.s.authentication.ProviderManager     : Authentication attempt using org.springframework.security.authentication.dao.DaoAuthenticationProvider
2017-05-01 17:28:10.884 DEBUG 3938 --- [    Test worker] s.CompositeSessionAuthenticationStrategy : Delegating to org.springframework.security.web.authentication.session.ChangeSessionIdAuthenticationStrategy@1d259319
2017-05-01 17:28:10.885 DEBUG 3938 --- [    Test worker] w.a.UsernamePasswordAuthenticationFilter : Authentication success. Updating SecurityContextHolder to contain: org.springframework.security.authentication.UsernamePasswordAuthenticationToken@8322fec3: Principal: org.springframework.security.core.userdetails.User@d0a: Username: hr; Password: [PROTECTED]; Enabled: true; AccountNonExpired: true; credentialsNonExpired: true; AccountNonLocked: true; Granted Authorities: ROLE_HR; Credentials: [PROTECTED]; Authenticated: true; Details: org.springframework.security.web.authentication.WebAuthenticationDetails@957e: RemoteIpAddress: 127.0.0.1; SessionId: null; Granted Authorities: ROLE_HR
2017-05-01 17:28:10.885 DEBUG 3938 --- [    Test worker] o.s.s.web.DefaultRedirectStrategy        : Redirecting to '/hello'
2017-05-01 17:28:10.885 DEBUG 3938 --- [    Test worker] w.c.HttpSessionSecurityContextRepository : HttpSession being created as SecurityContext is non-default
2017-05-01 17:28:10.885 DEBUG 3938 --- [    Test worker] w.c.HttpSessionSecurityContextRepository : SecurityContext 'org.springframework.security.core.context.SecurityContextImpl@8322fec3: Authentication: org.springframework.security.authentication.UsernamePasswordAuthenticationToken@8322fec3: Principal: org.springframework.security.core.userdetails.User@d0a: Username: hr; Password: [PROTECTED]; Enabled: true; AccountNonExpired: true; credentialsNonExpired: true; AccountNonLocked: true; Granted Authorities: ROLE_HR; Credentials: [PROTECTED]; Authenticated: true; Details: org.springframework.security.web.authentication.WebAuthenticationDetails@957e: RemoteIpAddress: 127.0.0.1; SessionId: null; Granted Authorities: ROLE_HR' stored to HttpSession: 'org.springframework.mock.web.MockHttpSession@63870b88
2017-05-01 17:28:10.885 DEBUG 3938 --- [    Test worker] s.s.w.c.SecurityContextPersistenceFilter : SecurityContextHolder now cleared, as request processing completed
2017-05-01 17:28:10.887 DEBUG 3938 --- [    Test worker] o.s.s.w.u.matcher.AntPathRequestMatcher  : Checking match of request : '/login'; against '/includes/**'
2017-05-01 17:28:10.887 DEBUG 3938 --- [    Test worker] o.s.s.w.u.matcher.AntPathRequestMatcher  : Checking match of request : '/login'; against '/assets/**'
2017-05-01 17:28:10.887 DEBUG 3938 --- [    Test worker] w.c.HttpSessionSecurityContextRepository : Obtained a valid SecurityContext from SPRING_SECURITY_CONTEXT: 'org.springframework.security.core.context.SecurityContextImpl@8322fec3: Authentication: org.springframework.security.authentication.UsernamePasswordAuthenticationToken@8322fec3: Principal: org.springframework.security.core.userdetails.User@d0a: Username: hr; Password: [PROTECTED]; Enabled: true; AccountNonExpired: true; credentialsNonExpired: true; AccountNonLocked: true; Granted Authorities: ROLE_HR; Credentials: [PROTECTED]; Authenticated: true; Details: org.springframework.security.web.authentication.WebAuthenticationDetails@957e: RemoteIpAddress: 127.0.0.1; SessionId: null; Granted Authorities: ROLE_HR'
2017-05-01 17:28:10.894  INFO 3938 --- [    Test worker] o.s.jdbc.datasource.init.ScriptUtils     : Executing SQL script from class path resource [tearDown.sql]
2017-05-01 17:28:10.897  INFO 3938 --- [    Test worker] o.s.jdbc.datasource.init.ScriptUtils     : Executed SQL script from class path resource [tearDown.sql] in 3 ms.
]]></system-out>
  <system-err><![CDATA[]]></system-err>
</testsuite>
