<?xml version="1.0" encoding="UTF-8"?>
<testsuite name="edu.xavier.csci260.atinlay.dal.EmployeeDAOTest" tests="5" skipped="0" failures="0" errors="0" timestamp="2017-05-01T21:28:05" hostname="ellisHPArch" time="0.493">
  <properties/>
  <testcase name="createEmployeeDotEquals" classname="edu.xavier.csci260.atinlay.dal.EmployeeDAOTest" time="0.294"/>
  <testcase name="createEmployeeToString" classname="edu.xavier.csci260.atinlay.dal.EmployeeDAOTest" time="0.052"/>
  <testcase name="deleteFromDB" classname="edu.xavier.csci260.atinlay.dal.EmployeeDAOTest" time="0.059"/>
  <testcase name="getEmployeeByUsernameToString" classname="edu.xavier.csci260.atinlay.dal.EmployeeDAOTest" time="0.041"/>
  <testcase name="getEmployeeByUsernameDotEquals" classname="edu.xavier.csci260.atinlay.dal.EmployeeDAOTest" time="0.039"/>
  <system-out><![CDATA[17:27:53.284 [Test worker] DEBUG org.springframework.test.context.junit4.SpringJUnit4ClassRunner - SpringJUnit4ClassRunner constructor called with [class edu.xavier.csci260.atinlay.dal.EmployeeDAOTest]
17:27:53.297 [Test worker] DEBUG org.springframework.test.context.BootstrapUtils - Instantiating CacheAwareContextLoaderDelegate from class [org.springframework.test.context.cache.DefaultCacheAwareContextLoaderDelegate]
17:27:53.311 [Test worker] DEBUG org.springframework.test.context.BootstrapUtils - Instantiating BootstrapContext using constructor [public org.springframework.test.context.support.DefaultBootstrapContext(java.lang.Class,org.springframework.test.context.CacheAwareContextLoaderDelegate)]
17:27:53.341 [Test worker] DEBUG org.springframework.test.context.BootstrapUtils - Instantiating TestContextBootstrapper for test class [edu.xavier.csci260.atinlay.dal.EmployeeDAOTest] from class [org.springframework.boot.test.context.SpringBootTestContextBootstrapper]
17:27:53.361 [Test worker] INFO org.springframework.boot.test.context.SpringBootTestContextBootstrapper - Neither @ContextConfiguration nor @ContextHierarchy found for test class [edu.xavier.csci260.atinlay.dal.EmployeeDAOTest], using SpringBootContextLoader
17:27:53.368 [Test worker] DEBUG org.springframework.test.context.support.AbstractContextLoader - Did not detect default resource location for test class [edu.xavier.csci260.atinlay.dal.EmployeeDAOTest]: class path resource [edu/xavier/csci260/atinlay/dal/EmployeeDAOTest-context.xml] does not exist
17:27:53.369 [Test worker] DEBUG org.springframework.test.context.support.AbstractContextLoader - Did not detect default resource location for test class [edu.xavier.csci260.atinlay.dal.EmployeeDAOTest]: class path resource [edu/xavier/csci260/atinlay/dal/EmployeeDAOTestContext.groovy] does not exist
17:27:53.370 [Test worker] INFO org.springframework.test.context.support.AbstractContextLoader - Could not detect default resource locations for test class [edu.xavier.csci260.atinlay.dal.EmployeeDAOTest]: no resource found for suffixes {-context.xml, Context.groovy}.
17:27:53.372 [Test worker] INFO org.springframework.test.context.support.AnnotationConfigContextLoaderUtils - Could not detect default configuration classes for test class [edu.xavier.csci260.atinlay.dal.EmployeeDAOTest]: EmployeeDAOTest does not declare any static, non-private, non-final, nested classes annotated with @Configuration.
17:27:53.451 [Test worker] DEBUG org.springframework.test.context.support.ActiveProfilesUtils - Could not find an 'annotation declaring class' for annotation type [org.springframework.test.context.ActiveProfiles] and class [edu.xavier.csci260.atinlay.dal.EmployeeDAOTest]
17:27:53.465 [Test worker] DEBUG org.springframework.core.env.StandardEnvironment - Adding [systemProperties] PropertySource with lowest search precedence
17:27:53.465 [Test worker] DEBUG org.springframework.core.env.StandardEnvironment - Adding [systemEnvironment] PropertySource with lowest search precedence
17:27:53.466 [Test worker] DEBUG org.springframework.core.env.StandardEnvironment - Initialized StandardEnvironment with PropertySources [systemProperties,systemEnvironment]
17:27:53.483 [Test worker] DEBUG org.springframework.core.io.support.PathMatchingResourcePatternResolver - Resolved classpath location [edu/xavier/csci260/atinlay/dal/] to resources [URL [file:/home/master/Documents/school/softEng/OOOtracker_services_atinlay/build/classes/test/edu/xavier/csci260/atinlay/dal/], URL [file:/home/master/Documents/school/softEng/OOOtracker_services_atinlay/build/classes/main/edu/xavier/csci260/atinlay/dal/]]
17:27:53.484 [Test worker] DEBUG org.springframework.core.io.support.PathMatchingResourcePatternResolver - Looking for matching resources in directory tree [/home/master/Documents/school/softEng/OOOtracker_services_atinlay/build/classes/test/edu/xavier/csci260/atinlay/dal]
17:27:53.485 [Test worker] DEBUG org.springframework.core.io.support.PathMatchingResourcePatternResolver - Searching directory [/home/master/Documents/school/softEng/OOOtracker_services_atinlay/build/classes/test/edu/xavier/csci260/atinlay/dal] for files matching pattern [/home/master/Documents/school/softEng/OOOtracker_services_atinlay/build/classes/test/edu/xavier/csci260/atinlay/dal/*.class]
17:27:53.493 [Test worker] DEBUG org.springframework.core.io.support.PathMatchingResourcePatternResolver - Looking for matching resources in directory tree [/home/master/Documents/school/softEng/OOOtracker_services_atinlay/build/classes/main/edu/xavier/csci260/atinlay/dal]
17:27:53.493 [Test worker] DEBUG org.springframework.core.io.support.PathMatchingResourcePatternResolver - Searching directory [/home/master/Documents/school/softEng/OOOtracker_services_atinlay/build/classes/main/edu/xavier/csci260/atinlay/dal] for files matching pattern [/home/master/Documents/school/softEng/OOOtracker_services_atinlay/build/classes/main/edu/xavier/csci260/atinlay/dal/*.class]
17:27:53.498 [Test worker] DEBUG org.springframework.core.io.support.PathMatchingResourcePatternResolver - Resolved location pattern [classpath*:edu/xavier/csci260/atinlay/dal/*.class] to resources [file [/home/master/Documents/school/softEng/OOOtracker_services_atinlay/build/classes/test/edu/xavier/csci260/atinlay/dal/EmployeeDAOTest.class], file [/home/master/Documents/school/softEng/OOOtracker_services_atinlay/build/classes/test/edu/xavier/csci260/atinlay/dal/MessageDAOTest.class], file [/home/master/Documents/school/softEng/OOOtracker_services_atinlay/build/classes/main/edu/xavier/csci260/atinlay/dal/DatabaseDAO.class], file [/home/master/Documents/school/softEng/OOOtracker_services_atinlay/build/classes/main/edu/xavier/csci260/atinlay/dal/EmployeeDAO$EmployeeRowMapper.class], file [/home/master/Documents/school/softEng/OOOtracker_services_atinlay/build/classes/main/edu/xavier/csci260/atinlay/dal/EmployeeDAO.class], file [/home/master/Documents/school/softEng/OOOtracker_services_atinlay/build/classes/main/edu/xavier/csci260/atinlay/dal/EmployeeDAOImpl.class], file [/home/master/Documents/school/softEng/OOOtracker_services_atinlay/build/classes/main/edu/xavier/csci260/atinlay/dal/MessageDAO$MessageRowMapper.class], file [/home/master/Documents/school/softEng/OOOtracker_services_atinlay/build/classes/main/edu/xavier/csci260/atinlay/dal/MessageDAO.class], file [/home/master/Documents/school/softEng/OOOtracker_services_atinlay/build/classes/main/edu/xavier/csci260/atinlay/dal/MessageDAOImpl.class]]
17:27:53.544 [Test worker] DEBUG org.springframework.core.io.support.PathMatchingResourcePatternResolver - Resolved classpath location [edu/xavier/csci260/atinlay/] to resources [URL [file:/home/master/Documents/school/softEng/OOOtracker_services_atinlay/build/classes/test/edu/xavier/csci260/atinlay/], URL [file:/home/master/Documents/school/softEng/OOOtracker_services_atinlay/build/classes/main/edu/xavier/csci260/atinlay/]]
17:27:53.545 [Test worker] DEBUG org.springframework.core.io.support.PathMatchingResourcePatternResolver - Looking for matching resources in directory tree [/home/master/Documents/school/softEng/OOOtracker_services_atinlay/build/classes/test/edu/xavier/csci260/atinlay]
17:27:53.545 [Test worker] DEBUG org.springframework.core.io.support.PathMatchingResourcePatternResolver - Searching directory [/home/master/Documents/school/softEng/OOOtracker_services_atinlay/build/classes/test/edu/xavier/csci260/atinlay] for files matching pattern [/home/master/Documents/school/softEng/OOOtracker_services_atinlay/build/classes/test/edu/xavier/csci260/atinlay/*.class]
17:27:53.546 [Test worker] DEBUG org.springframework.core.io.support.PathMatchingResourcePatternResolver - Looking for matching resources in directory tree [/home/master/Documents/school/softEng/OOOtracker_services_atinlay/build/classes/main/edu/xavier/csci260/atinlay]
17:27:53.547 [Test worker] DEBUG org.springframework.core.io.support.PathMatchingResourcePatternResolver - Searching directory [/home/master/Documents/school/softEng/OOOtracker_services_atinlay/build/classes/main/edu/xavier/csci260/atinlay] for files matching pattern [/home/master/Documents/school/softEng/OOOtracker_services_atinlay/build/classes/main/edu/xavier/csci260/atinlay/*.class]
17:27:53.550 [Test worker] DEBUG org.springframework.core.io.support.PathMatchingResourcePatternResolver - Resolved location pattern [classpath*:edu/xavier/csci260/atinlay/*.class] to resources [file [/home/master/Documents/school/softEng/OOOtracker_services_atinlay/build/classes/test/edu/xavier/csci260/atinlay/ApplicationTest.class], file [/home/master/Documents/school/softEng/OOOtracker_services_atinlay/build/classes/main/edu/xavier/csci260/atinlay/Application.class]]
17:27:53.633 [Test worker] DEBUG org.springframework.context.annotation.ClassPathScanningCandidateComponentProvider - Identified candidate component class: file [/home/master/Documents/school/softEng/OOOtracker_services_atinlay/build/classes/main/edu/xavier/csci260/atinlay/Application.class]
17:27:53.634 [Test worker] INFO org.springframework.boot.test.context.SpringBootTestContextBootstrapper - Found @SpringBootConfiguration edu.xavier.csci260.atinlay.Application for test class edu.xavier.csci260.atinlay.dal.EmployeeDAOTest
17:27:53.642 [Test worker] DEBUG org.springframework.boot.test.context.SpringBootTestContextBootstrapper - @TestExecutionListeners is not present for class [edu.xavier.csci260.atinlay.dal.EmployeeDAOTest]: using defaults.
17:27:53.651 [Test worker] INFO org.springframework.boot.test.context.SpringBootTestContextBootstrapper - Loaded default TestExecutionListener class names from location [META-INF/spring.factories]: [org.springframework.security.test.context.support.WithSecurityContextTestExecutionListener, org.springframework.boot.test.mock.mockito.MockitoTestExecutionListener, org.springframework.boot.test.mock.mockito.ResetMocksTestExecutionListener, org.springframework.boot.test.autoconfigure.restdocs.RestDocsTestExecutionListener, org.springframework.boot.test.autoconfigure.web.client.MockRestServiceServerResetTestExecutionListener, org.springframework.boot.test.autoconfigure.web.servlet.MockMvcPrintOnlyOnFailureTestExecutionListener, org.springframework.boot.test.autoconfigure.web.servlet.WebDriverTestExecutionListener, org.springframework.test.context.web.ServletTestExecutionListener, org.springframework.test.context.support.DirtiesContextBeforeModesTestExecutionListener, org.springframework.test.context.support.DependencyInjectionTestExecutionListener, org.springframework.test.context.support.DirtiesContextTestExecutionListener, org.springframework.test.context.transaction.TransactionalTestExecutionListener, org.springframework.test.context.jdbc.SqlScriptsTestExecutionListener]
17:27:53.692 [Test worker] INFO org.springframework.boot.test.context.SpringBootTestContextBootstrapper - Using TestExecutionListeners: [org.springframework.test.context.web.ServletTestExecutionListener@ad7e533, org.springframework.test.context.support.DirtiesContextBeforeModesTestExecutionListener@55112baa, org.springframework.boot.test.autoconfigure.SpringBootDependencyInjectionTestExecutionListener@74c5d3ed, org.springframework.test.context.support.DirtiesContextTestExecutionListener@4ae85837, org.springframework.test.context.transaction.TransactionalTestExecutionListener@7fa3c224, org.springframework.test.context.jdbc.SqlScriptsTestExecutionListener@2333fa01, org.springframework.security.test.context.support.WithSecurityContextTestExecutionListener@79330f31, org.springframework.boot.test.autoconfigure.web.servlet.MockMvcPrintOnlyOnFailureTestExecutionListener@7192d9c0, org.springframework.boot.test.autoconfigure.web.client.MockRestServiceServerResetTestExecutionListener@10418734, org.springframework.boot.test.autoconfigure.web.servlet.WebDriverTestExecutionListener@2c9e94cf, org.springframework.boot.test.mock.mockito.ResetMocksTestExecutionListener@4db55cea, org.springframework.boot.test.mock.mockito.MockitoTestExecutionListener@2a0ed045, org.springframework.boot.test.autoconfigure.restdocs.RestDocsTestExecutionListener@366a9a17]
17:27:53.698 [Test worker] DEBUG org.springframework.test.annotation.ProfileValueUtils - Retrieved @ProfileValueSourceConfiguration [null] for test class [edu.xavier.csci260.atinlay.dal.EmployeeDAOTest]
17:27:53.700 [Test worker] DEBUG org.springframework.test.annotation.ProfileValueUtils - Retrieved ProfileValueSource type [class org.springframework.test.annotation.SystemProfileValueSource] for class [edu.xavier.csci260.atinlay.dal.EmployeeDAOTest]
17:27:53.701 [Test worker] DEBUG org.springframework.test.annotation.ProfileValueUtils - Retrieved @ProfileValueSourceConfiguration [null] for test class [edu.xavier.csci260.atinlay.dal.EmployeeDAOTest]
17:27:53.702 [Test worker] DEBUG org.springframework.test.annotation.ProfileValueUtils - Retrieved ProfileValueSource type [class org.springframework.test.annotation.SystemProfileValueSource] for class [edu.xavier.csci260.atinlay.dal.EmployeeDAOTest]
17:27:53.713 [Test worker] DEBUG org.springframework.test.context.support.AbstractDirtiesContextTestExecutionListener - Before test class: context [DefaultTestContext@17216246 testClass = EmployeeDAOTest, testInstance = [null], testMethod = [null], testException = [null], mergedContextConfiguration = [WebMergedContextConfiguration@726b285e testClass = EmployeeDAOTest, locations = '{}', classes = '{class edu.xavier.csci260.atinlay.Application}', contextInitializerClasses = '[]', activeProfiles = '{}', propertySourceLocations = '{}', propertySourceProperties = '{org.springframework.boot.test.context.SpringBootTestContextBootstrapper=true}', contextCustomizers = set[org.springframework.boot.test.context.SpringBootTestContextCustomizer@2f209421, org.springframework.boot.test.context.filter.ExcludeFilterContextCustomizer@489db2b9, org.springframework.boot.test.mock.mockito.MockitoContextCustomizer@0, org.springframework.boot.test.autoconfigure.properties.PropertyMappingContextCustomizer@0, org.springframework.boot.test.autoconfigure.web.servlet.WebDriverContextCustomizerFactory$Customizer@5bbdaf6f], resourceBasePath = 'src/main/webapp', contextLoader = 'org.springframework.boot.test.context.SpringBootContextLoader', parent = [null]]], class annotated with @DirtiesContext [false] with mode [null].
17:27:53.714 [Test worker] DEBUG org.springframework.test.annotation.ProfileValueUtils - Retrieved @ProfileValueSourceConfiguration [null] for test class [edu.xavier.csci260.atinlay.dal.EmployeeDAOTest]
17:27:53.715 [Test worker] DEBUG org.springframework.test.annotation.ProfileValueUtils - Retrieved ProfileValueSource type [class org.springframework.test.annotation.SystemProfileValueSource] for class [edu.xavier.csci260.atinlay.dal.EmployeeDAOTest]
17:27:53.860 [Test worker] DEBUG org.springframework.core.env.StandardEnvironment - Adding [systemProperties] PropertySource with lowest search precedence
17:27:53.861 [Test worker] DEBUG org.springframework.core.env.StandardEnvironment - Adding [systemEnvironment] PropertySource with lowest search precedence
17:27:53.861 [Test worker] DEBUG org.springframework.core.env.StandardEnvironment - Initialized StandardEnvironment with PropertySources [systemProperties,systemEnvironment]
17:27:53.866 [Test worker] DEBUG org.springframework.core.env.MutablePropertySources - Adding [inline] PropertySource with highest search precedence
17:27:53.875 [Test worker] DEBUG org.springframework.test.context.support.TestPropertySourceUtils - Adding inlined properties to environment: {spring.jmx.enabled=false, org.springframework.boot.test.context.SpringBootTestContextBootstrapper=true, server.port=-1}
17:27:53.876 [Test worker] DEBUG org.springframework.core.env.StandardEnvironment - Adding [Inlined Test Properties] PropertySource with highest search precedence

  .   ____          _            __ _ _
 /\\ / ___'_ __ _ _(_)_ __  __ _ \ \ \ \
( ( )\___ | '_ | '_| | '_ \/ _` | \ \ \ \
 \\/  ___)| |_)| | | | | || (_| |  ) ) ) )
  '  |____| .__|_| |_|_| |_\__, | / / / /
 =========|_|==============|___/=/_/_/_/
 :: Spring Boot ::        (v1.5.2.RELEASE)

2017-05-01 17:27:54.552  INFO 3938 --- [    Test worker] e.x.csci260.atinlay.dal.EmployeeDAOTest  : Starting EmployeeDAOTest on ellisHPArch with PID 3938 (started by master in /home/master/Documents/school/softEng/OOOtracker_services_atinlay)
2017-05-01 17:27:54.556  INFO 3938 --- [    Test worker] e.x.csci260.atinlay.dal.EmployeeDAOTest  : No active profile set, falling back to default profiles: default
2017-05-01 17:27:55.238  INFO 3938 --- [    Test worker] o.s.w.c.s.GenericWebApplicationContext   : Refreshing org.springframework.web.context.support.GenericWebApplicationContext@7028ef5d: startup date [Mon May 01 17:27:55 EDT 2017]; root of context hierarchy
2017-05-01 17:27:58.377  INFO 3938 --- [    Test worker] trationDelegate$BeanPostProcessorChecker : Bean 'org.springframework.transaction.annotation.ProxyTransactionManagementConfiguration' of type [org.springframework.transaction.annotation.ProxyTransactionManagementConfiguration$$EnhancerBySpringCGLIB$$96835525] is not eligible for getting processed by all BeanPostProcessors (for example: not eligible for auto-proxying)
2017-05-01 17:27:59.145  INFO 3938 --- [    Test worker] o.s.jdbc.datasource.init.ScriptUtils     : Executing SQL script from URL [file:/home/master/Documents/school/softEng/OOOtracker_services_atinlay/build/resources/main/schema.sql]
2017-05-01 17:27:59.205  INFO 3938 --- [    Test worker] o.s.jdbc.datasource.init.ScriptUtils     : Executed SQL script from URL [file:/home/master/Documents/school/softEng/OOOtracker_services_atinlay/build/resources/main/schema.sql] in 60 ms.
2017-05-01 17:27:59.221  INFO 3938 --- [    Test worker] o.s.jdbc.datasource.init.ScriptUtils     : Executing SQL script from URL [file:/home/master/Documents/school/softEng/OOOtracker_services_atinlay/build/resources/test/data.sql]
2017-05-01 17:27:59.236  INFO 3938 --- [    Test worker] o.s.jdbc.datasource.init.ScriptUtils     : Executed SQL script from URL [file:/home/master/Documents/school/softEng/OOOtracker_services_atinlay/build/resources/test/data.sql] in 15 ms.
2017-05-01 17:27:59.760  INFO 3938 --- [    Test worker] j.LocalContainerEntityManagerFactoryBean : Building JPA container EntityManagerFactory for persistence unit 'default'
2017-05-01 17:27:59.799  INFO 3938 --- [    Test worker] o.hibernate.jpa.internal.util.LogHelper  : HHH000204: Processing PersistenceUnitInfo [
	name: default
	...]
2017-05-01 17:27:59.963  INFO 3938 --- [    Test worker] org.hibernate.Version                    : HHH000412: Hibernate Core {5.0.12.Final}
2017-05-01 17:27:59.970  INFO 3938 --- [    Test worker] org.hibernate.cfg.Environment            : HHH000206: hibernate.properties not found
2017-05-01 17:27:59.974  INFO 3938 --- [    Test worker] org.hibernate.cfg.Environment            : HHH000021: Bytecode provider name : javassist
2017-05-01 17:28:00.068  INFO 3938 --- [    Test worker] o.hibernate.annotations.common.Version   : HCANN000001: Hibernate Commons Annotations {5.0.1.Final}
2017-05-01 17:28:00.278  INFO 3938 --- [    Test worker] org.hibernate.dialect.Dialect            : HHH000400: Using dialect: org.hibernate.dialect.H2Dialect
2017-05-01 17:28:00.744  INFO 3938 --- [    Test worker] org.hibernate.tool.hbm2ddl.SchemaExport  : HHH000227: Running hbm2ddl schema export
2017-05-01 17:28:00.749  INFO 3938 --- [    Test worker] org.hibernate.tool.hbm2ddl.SchemaExport  : HHH000230: Schema export complete
2017-05-01 17:28:00.801  INFO 3938 --- [    Test worker] j.LocalContainerEntityManagerFactoryBean : Initialized JPA EntityManagerFactory for persistence unit 'default'
2017-05-01 17:28:02.086 DEBUG 3938 --- [    Test worker] eGlobalAuthenticationAutowiredConfigurer : Eagerly initializing {webSecurityConfig=edu.xavier.csci260.atinlay.config.WebSecurityConfig$$EnhancerBySpringCGLIB$$f4cbe8bb@35d3098b}
2017-05-01 17:28:02.276  INFO 3938 --- [    Test worker] o.s.s.web.DefaultSecurityFilterChain     : Creating filter chain: Ant [pattern='/includes/**'], []
2017-05-01 17:28:02.276  INFO 3938 --- [    Test worker] o.s.s.web.DefaultSecurityFilterChain     : Creating filter chain: Ant [pattern='/assets/**'], []
2017-05-01 17:28:02.393 DEBUG 3938 --- [    Test worker] edFilterInvocationSecurityMetadataSource : Adding web access control expression 'permitAll', for ExactUrl [processUrl='/login?error']
2017-05-01 17:28:02.396 DEBUG 3938 --- [    Test worker] edFilterInvocationSecurityMetadataSource : Adding web access control expression 'permitAll', for ExactUrl [processUrl='/login']
2017-05-01 17:28:02.397 DEBUG 3938 --- [    Test worker] edFilterInvocationSecurityMetadataSource : Adding web access control expression 'permitAll', for ExactUrl [processUrl='/login']
2017-05-01 17:28:02.398 DEBUG 3938 --- [    Test worker] edFilterInvocationSecurityMetadataSource : Adding web access control expression 'hasRole('ROLE_HR')', for Ant [pattern='/human-resources/**']
2017-05-01 17:28:02.401 DEBUG 3938 --- [    Test worker] edFilterInvocationSecurityMetadataSource : Adding web access control expression 'hasRole('ROLE_MANAGER')', for Ant [pattern='/manager/**']
2017-05-01 17:28:02.402 DEBUG 3938 --- [    Test worker] edFilterInvocationSecurityMetadataSource : Adding web access control expression 'permitAll', for Ant [pattern='/']
2017-05-01 17:28:02.402 DEBUG 3938 --- [    Test worker] edFilterInvocationSecurityMetadataSource : Adding web access control expression 'permitAll', for Ant [pattern='/home']
2017-05-01 17:28:02.403 DEBUG 3938 --- [    Test worker] edFilterInvocationSecurityMetadataSource : Adding web access control expression 'permitAll', for Ant [pattern='/login']
2017-05-01 17:28:02.403 DEBUG 3938 --- [    Test worker] edFilterInvocationSecurityMetadataSource : Adding web access control expression 'authenticated', for Ant [pattern='/includes/**']
2017-05-01 17:28:02.403 DEBUG 3938 --- [    Test worker] edFilterInvocationSecurityMetadataSource : Adding web access control expression 'authenticated', for Ant [pattern='/assets/**']
2017-05-01 17:28:02.404 DEBUG 3938 --- [    Test worker] edFilterInvocationSecurityMetadataSource : Adding web access control expression 'authenticated', for org.springframework.security.web.util.matcher.AnyRequestMatcher@1
2017-05-01 17:28:02.418 DEBUG 3938 --- [    Test worker] o.s.s.w.a.i.FilterSecurityInterceptor    : Validated configuration attributes
2017-05-01 17:28:02.420 DEBUG 3938 --- [    Test worker] o.s.s.w.a.i.FilterSecurityInterceptor    : Validated configuration attributes
2017-05-01 17:28:02.441  INFO 3938 --- [    Test worker] o.s.s.web.DefaultSecurityFilterChain     : Creating filter chain: org.springframework.security.web.util.matcher.AnyRequestMatcher@1, [org.springframework.security.web.context.request.async.WebAsyncManagerIntegrationFilter@5580d8a9, org.springframework.security.web.context.SecurityContextPersistenceFilter@61c93963, org.springframework.security.web.header.HeaderWriterFilter@497ac095, org.springframework.security.web.authentication.logout.LogoutFilter@649acf72, org.springframework.security.web.authentication.UsernamePasswordAuthenticationFilter@37270c46, org.springframework.security.web.savedrequest.RequestCacheAwareFilter@52747916, org.springframework.security.web.servletapi.SecurityContextHolderAwareRequestFilter@71ec9aee, org.springframework.security.web.authentication.AnonymousAuthenticationFilter@87c1c0e, org.springframework.security.web.session.SessionManagementFilter@2791f0d5, org.springframework.security.web.access.ExceptionTranslationFilter@73237ff2, org.springframework.security.web.access.intercept.FilterSecurityInterceptor@5d32c02]
2017-05-01 17:28:02.464 DEBUG 3938 --- [    Test worker] edFilterInvocationSecurityMetadataSource : Adding web access control expression 'authenticated', for org.springframework.boot.actuate.autoconfigure.ManagementWebSecurityAutoConfiguration$LazyEndpointPathRequestMatcher@73403870
2017-05-01 17:28:02.465 DEBUG 3938 --- [    Test worker] edFilterInvocationSecurityMetadataSource : Adding web access control expression 'permitAll', for org.springframework.boot.actuate.autoconfigure.ManagementWebSecurityAutoConfiguration$LazyEndpointPathRequestMatcher@77964379
2017-05-01 17:28:02.467 DEBUG 3938 --- [    Test worker] o.s.s.w.a.i.FilterSecurityInterceptor    : Validated configuration attributes
2017-05-01 17:28:02.468 DEBUG 3938 --- [    Test worker] o.s.s.w.a.i.FilterSecurityInterceptor    : Validated configuration attributes
2017-05-01 17:28:02.479  INFO 3938 --- [    Test worker] o.s.s.web.DefaultSecurityFilterChain     : Creating filter chain: org.springframework.boot.actuate.autoconfigure.ManagementWebSecurityAutoConfiguration$LazyEndpointPathRequestMatcher@2bbee9b4, [org.springframework.security.web.context.request.async.WebAsyncManagerIntegrationFilter@17353bcf, org.springframework.security.web.context.SecurityContextPersistenceFilter@4e047c7f, org.springframework.security.web.header.HeaderWriterFilter@40b49867, org.springframework.security.web.authentication.logout.LogoutFilter@64a2fb63, org.springframework.security.web.authentication.www.BasicAuthenticationFilter@2e08a81d, org.springframework.security.web.savedrequest.RequestCacheAwareFilter@71738b44, org.springframework.security.web.servletapi.SecurityContextHolderAwareRequestFilter@15e042ad, org.springframework.security.web.authentication.AnonymousAuthenticationFilter@7c963174, org.springframework.security.web.session.SessionManagementFilter@27ead2fd, org.springframework.security.web.access.ExceptionTranslationFilter@6d3a4e5d, org.springframework.security.web.access.intercept.FilterSecurityInterceptor@3cb010fc]
2017-05-01 17:28:03.026  INFO 3938 --- [    Test worker] s.w.s.m.m.a.RequestMappingHandlerAdapter : Looking for @ControllerAdvice: org.springframework.web.context.support.GenericWebApplicationContext@7028ef5d: startup date [Mon May 01 17:27:55 EDT 2017]; root of context hierarchy
2017-05-01 17:28:03.199  INFO 3938 --- [    Test worker] s.w.s.m.m.a.RequestMappingHandlerMapping : Mapped "{[/login],methods=[GET]}" onto public org.springframework.web.servlet.ModelAndView edu.xavier.csci260.atinlay.controller.GreetingController.login(java.lang.String,java.lang.String)
2017-05-01 17:28:03.201  INFO 3938 --- [    Test worker] s.w.s.m.m.a.RequestMappingHandlerMapping : Mapped "{[/login]}" onto public java.lang.String edu.xavier.csci260.atinlay.controller.GreetingController.login()
2017-05-01 17:28:03.202  INFO 3938 --- [    Test worker] s.w.s.m.m.a.RequestMappingHandlerMapping : Mapped "{[/home || /],methods=[GET]}" onto public java.lang.String edu.xavier.csci260.atinlay.controller.GreetingController.home()
2017-05-01 17:28:03.203  INFO 3938 --- [    Test worker] s.w.s.m.m.a.RequestMappingHandlerMapping : Mapped "{[/logout],methods=[GET]}" onto public java.lang.String edu.xavier.csci260.atinlay.controller.GreetingController.logoutPage(javax.servlet.http.HttpServletRequest,javax.servlet.http.HttpServletResponse)
2017-05-01 17:28:03.203  INFO 3938 --- [    Test worker] s.w.s.m.m.a.RequestMappingHandlerMapping : Mapped "{[/hello],methods=[GET]}" onto public java.lang.String edu.xavier.csci260.atinlay.controller.GreetingController.hello()
2017-05-01 17:28:03.204  INFO 3938 --- [    Test worker] s.w.s.m.m.a.RequestMappingHandlerMapping : Mapped "{[/calendar],methods=[GET]}" onto public java.lang.String edu.xavier.csci260.atinlay.controller.GreetingController.calendar()
2017-05-01 17:28:03.204  INFO 3938 --- [    Test worker] s.w.s.m.m.a.RequestMappingHandlerMapping : Mapped "{[/index],methods=[GET]}" onto public java.lang.String edu.xavier.csci260.atinlay.controller.GreetingController.index()
2017-05-01 17:28:03.205  INFO 3938 --- [    Test worker] s.w.s.m.m.a.RequestMappingHandlerMapping : Mapped "{[/manager/forTesting]}" onto public java.lang.String edu.xavier.csci260.atinlay.controller.ManagerController.messages()
2017-05-01 17:28:03.207  INFO 3938 --- [    Test worker] s.w.s.m.m.a.RequestMappingHandlerMapping : Mapped "{[/compose],methods=[GET]}" onto public java.lang.String edu.xavier.csci260.atinlay.controller.MessageController.getCompose(org.springframework.ui.Model)
2017-05-01 17:28:03.208  INFO 3938 --- [    Test worker] s.w.s.m.m.a.RequestMappingHandlerMapping : Mapped "{[/compose],methods=[POST]}" onto public java.lang.String edu.xavier.csci260.atinlay.controller.MessageController.postCompose()
2017-05-01 17:28:03.208  INFO 3938 --- [    Test worker] s.w.s.m.m.a.RequestMappingHandlerMapping : Mapped "{[/readMessage/{messageID}]}" onto public java.lang.String edu.xavier.csci260.atinlay.controller.MessageController.readMessage(org.springframework.ui.Model,java.lang.Long)
2017-05-01 17:28:03.209  INFO 3938 --- [    Test worker] s.w.s.m.m.a.RequestMappingHandlerMapping : Mapped "{[/messages/{username}]}" onto public java.lang.String edu.xavier.csci260.atinlay.controller.MessageController.messages(org.springframework.ui.Model,java.lang.String)
2017-05-01 17:28:03.210  INFO 3938 --- [    Test worker] s.w.s.m.m.a.RequestMappingHandlerMapping : Mapped "{[/newRequest],methods=[POST]}" onto public java.lang.String edu.xavier.csci260.atinlay.controller.RequestController.newRequest(edu.xavier.csci260.atinlay.domain.TimeOff.TimeOffReq,org.springframework.ui.Model)
2017-05-01 17:28:03.211  INFO 3938 --- [    Test worker] s.w.s.m.m.a.RequestMappingHandlerMapping : Mapped "{[/newRequest],methods=[GET]}" onto public java.lang.String edu.xavier.csci260.atinlay.controller.RequestController.getNewRequest(org.springframework.ui.Model)
2017-05-01 17:28:03.220  INFO 3938 --- [    Test worker] s.w.s.m.m.a.RequestMappingHandlerMapping : Mapped "{[/error],produces=[text/html]}" onto public org.springframework.web.servlet.ModelAndView org.springframework.boot.autoconfigure.web.BasicErrorController.errorHtml(javax.servlet.http.HttpServletRequest,javax.servlet.http.HttpServletResponse)
2017-05-01 17:28:03.221  INFO 3938 --- [    Test worker] s.w.s.m.m.a.RequestMappingHandlerMapping : Mapped "{[/error]}" onto public org.springframework.http.ResponseEntity<java.util.Map<java.lang.String, java.lang.Object>> org.springframework.boot.autoconfigure.web.BasicErrorController.error(javax.servlet.http.HttpServletRequest)
2017-05-01 17:28:03.253  INFO 3938 --- [    Test worker] o.s.w.s.handler.SimpleUrlHandlerMapping  : Root mapping to handler of type [class org.springframework.web.servlet.mvc.ParameterizableViewController]
2017-05-01 17:28:03.254  INFO 3938 --- [    Test worker] o.s.w.s.handler.SimpleUrlHandlerMapping  : Mapped URL path [/home] onto handler of type [class org.springframework.web.servlet.mvc.ParameterizableViewController]
2017-05-01 17:28:03.254  INFO 3938 --- [    Test worker] o.s.w.s.handler.SimpleUrlHandlerMapping  : Mapped URL path [/login] onto handler of type [class org.springframework.web.servlet.mvc.ParameterizableViewController]
2017-05-01 17:28:03.254  INFO 3938 --- [    Test worker] o.s.w.s.handler.SimpleUrlHandlerMapping  : Mapped URL path [/addEmployee] onto handler of type [class org.springframework.web.servlet.mvc.ParameterizableViewController]
2017-05-01 17:28:03.255  INFO 3938 --- [    Test worker] o.s.w.s.handler.SimpleUrlHandlerMapping  : Mapped URL path [/messages] onto handler of type [class org.springframework.web.servlet.mvc.ParameterizableViewController]
2017-05-01 17:28:03.255  INFO 3938 --- [    Test worker] o.s.w.s.handler.SimpleUrlHandlerMapping  : Mapped URL path [/requests] onto handler of type [class org.springframework.web.servlet.mvc.ParameterizableViewController]
2017-05-01 17:28:03.255  INFO 3938 --- [    Test worker] o.s.w.s.handler.SimpleUrlHandlerMapping  : Mapped URL path [/newRequest] onto handler of type [class org.springframework.web.servlet.mvc.ParameterizableViewController]
2017-05-01 17:28:03.283  INFO 3938 --- [    Test worker] o.s.w.s.handler.SimpleUrlHandlerMapping  : Mapped URL path [/webjars/**] onto handler of type [class org.springframework.web.servlet.resource.ResourceHttpRequestHandler]
2017-05-01 17:28:03.284  INFO 3938 --- [    Test worker] o.s.w.s.handler.SimpleUrlHandlerMapping  : Mapped URL path [/**] onto handler of type [class org.springframework.web.servlet.resource.ResourceHttpRequestHandler]
2017-05-01 17:28:03.373  INFO 3938 --- [    Test worker] o.s.w.s.handler.SimpleUrlHandlerMapping  : Mapped URL path [/**/favicon.ico] onto handler of type [class org.springframework.web.servlet.resource.ResourceHttpRequestHandler]
2017-05-01 17:28:04.751  INFO 3938 --- [    Test worker] o.s.b.a.e.mvc.EndpointHandlerMapping     : Mapped "{[/trace || /trace.json],methods=[GET],produces=[application/vnd.spring-boot.actuator.v1+json || application/json]}" onto public java.lang.Object org.springframework.boot.actuate.endpoint.mvc.EndpointMvcAdapter.invoke()
2017-05-01 17:28:04.757  INFO 3938 --- [    Test worker] o.s.b.a.e.mvc.EndpointHandlerMapping     : Mapped "{[/loggers/{name:.*}],methods=[GET],produces=[application/vnd.spring-boot.actuator.v1+json || application/json]}" onto public java.lang.Object org.springframework.boot.actuate.endpoint.mvc.LoggersMvcEndpoint.get(java.lang.String)
2017-05-01 17:28:04.758  INFO 3938 --- [    Test worker] o.s.b.a.e.mvc.EndpointHandlerMapping     : Mapped "{[/loggers/{name:.*}],methods=[POST],consumes=[application/vnd.spring-boot.actuator.v1+json || application/json],produces=[application/vnd.spring-boot.actuator.v1+json || application/json]}" onto public java.lang.Object org.springframework.boot.actuate.endpoint.mvc.LoggersMvcEndpoint.set(java.lang.String,java.util.Map<java.lang.String, java.lang.String>)
2017-05-01 17:28:04.758  INFO 3938 --- [    Test worker] o.s.b.a.e.mvc.EndpointHandlerMapping     : Mapped "{[/loggers || /loggers.json],methods=[GET],produces=[application/vnd.spring-boot.actuator.v1+json || application/json]}" onto public java.lang.Object org.springframework.boot.actuate.endpoint.mvc.EndpointMvcAdapter.invoke()
2017-05-01 17:28:04.760  INFO 3938 --- [    Test worker] o.s.b.a.e.mvc.EndpointHandlerMapping     : Mapped "{[/heapdump || /heapdump.json],methods=[GET],produces=[application/octet-stream]}" onto public void org.springframework.boot.actuate.endpoint.mvc.HeapdumpMvcEndpoint.invoke(boolean,javax.servlet.http.HttpServletRequest,javax.servlet.http.HttpServletResponse) throws java.io.IOException,javax.servlet.ServletException
2017-05-01 17:28:04.762  INFO 3938 --- [    Test worker] o.s.b.a.e.mvc.EndpointHandlerMapping     : Mapped "{[/info || /info.json],methods=[GET],produces=[application/vnd.spring-boot.actuator.v1+json || application/json]}" onto public java.lang.Object org.springframework.boot.actuate.endpoint.mvc.EndpointMvcAdapter.invoke()
2017-05-01 17:28:04.764  INFO 3938 --- [    Test worker] o.s.b.a.e.mvc.EndpointHandlerMapping     : Mapped "{[/autoconfig || /autoconfig.json],methods=[GET],produces=[application/vnd.spring-boot.actuator.v1+json || application/json]}" onto public java.lang.Object org.springframework.boot.actuate.endpoint.mvc.EndpointMvcAdapter.invoke()
2017-05-01 17:28:04.765  INFO 3938 --- [    Test worker] o.s.b.a.e.mvc.EndpointHandlerMapping     : Mapped "{[/mappings || /mappings.json],methods=[GET],produces=[application/vnd.spring-boot.actuator.v1+json || application/json]}" onto public java.lang.Object org.springframework.boot.actuate.endpoint.mvc.EndpointMvcAdapter.invoke()
2017-05-01 17:28:04.769  INFO 3938 --- [    Test worker] o.s.b.a.e.mvc.EndpointHandlerMapping     : Mapped "{[/beans || /beans.json],methods=[GET],produces=[application/vnd.spring-boot.actuator.v1+json || application/json]}" onto public java.lang.Object org.springframework.boot.actuate.endpoint.mvc.EndpointMvcAdapter.invoke()
2017-05-01 17:28:04.771  INFO 3938 --- [    Test worker] o.s.b.a.e.mvc.EndpointHandlerMapping     : Mapped "{[/metrics/{name:.*}],methods=[GET],produces=[application/vnd.spring-boot.actuator.v1+json || application/json]}" onto public java.lang.Object org.springframework.boot.actuate.endpoint.mvc.MetricsMvcEndpoint.value(java.lang.String)
2017-05-01 17:28:04.771  INFO 3938 --- [    Test worker] o.s.b.a.e.mvc.EndpointHandlerMapping     : Mapped "{[/metrics || /metrics.json],methods=[GET],produces=[application/vnd.spring-boot.actuator.v1+json || application/json]}" onto public java.lang.Object org.springframework.boot.actuate.endpoint.mvc.EndpointMvcAdapter.invoke()
2017-05-01 17:28:04.773  INFO 3938 --- [    Test worker] o.s.b.a.e.mvc.EndpointHandlerMapping     : Mapped "{[/env/{name:.*}],methods=[GET],produces=[application/vnd.spring-boot.actuator.v1+json || application/json]}" onto public java.lang.Object org.springframework.boot.actuate.endpoint.mvc.EnvironmentMvcEndpoint.value(java.lang.String)
2017-05-01 17:28:04.774  INFO 3938 --- [    Test worker] o.s.b.a.e.mvc.EndpointHandlerMapping     : Mapped "{[/env || /env.json],methods=[GET],produces=[application/vnd.spring-boot.actuator.v1+json || application/json]}" onto public java.lang.Object org.springframework.boot.actuate.endpoint.mvc.EndpointMvcAdapter.invoke()
2017-05-01 17:28:04.775  INFO 3938 --- [    Test worker] o.s.b.a.e.mvc.EndpointHandlerMapping     : Mapped "{[/dump || /dump.json],methods=[GET],produces=[application/vnd.spring-boot.actuator.v1+json || application/json]}" onto public java.lang.Object org.springframework.boot.actuate.endpoint.mvc.EndpointMvcAdapter.invoke()
2017-05-01 17:28:04.777  INFO 3938 --- [    Test worker] o.s.b.a.e.mvc.EndpointHandlerMapping     : Mapped "{[/auditevents || /auditevents.json],methods=[GET],produces=[application/vnd.spring-boot.actuator.v1+json || application/json]}" onto public org.springframework.http.ResponseEntity<?> org.springframework.boot.actuate.endpoint.mvc.AuditEventsMvcEndpoint.findByPrincipalAndAfterAndType(java.lang.String,java.util.Date,java.lang.String)
2017-05-01 17:28:04.778  INFO 3938 --- [    Test worker] o.s.b.a.e.mvc.EndpointHandlerMapping     : Mapped "{[/health || /health.json],methods=[GET],produces=[application/vnd.spring-boot.actuator.v1+json || application/json]}" onto public java.lang.Object org.springframework.boot.actuate.endpoint.mvc.HealthMvcEndpoint.invoke(javax.servlet.http.HttpServletRequest,java.security.Principal)
2017-05-01 17:28:04.779  INFO 3938 --- [    Test worker] o.s.b.a.e.mvc.EndpointHandlerMapping     : Mapped "{[/configprops || /configprops.json],methods=[GET],produces=[application/vnd.spring-boot.actuator.v1+json || application/json]}" onto public java.lang.Object org.springframework.boot.actuate.endpoint.mvc.EndpointMvcAdapter.invoke()
2017-05-01 17:28:05.368  INFO 3938 --- [    Test worker] e.x.csci260.atinlay.dal.EmployeeDAOTest  : Started EmployeeDAOTest in 11.476 seconds (JVM running for 13.482)
2017-05-01 17:28:05.519  INFO 3938 --- [    Test worker] o.s.jdbc.datasource.init.ScriptUtils     : Executing SQL script from class path resource [testSchema.sql]
2017-05-01 17:28:05.566  INFO 3938 --- [    Test worker] o.s.jdbc.datasource.init.ScriptUtils     : Executed SQL script from class path resource [testSchema.sql] in 45 ms.
2017-05-01 17:28:05.573  INFO 3938 --- [    Test worker] o.s.jdbc.datasource.init.ScriptUtils     : Executing SQL script from class path resource [data.sql]
2017-05-01 17:28:05.581  INFO 3938 --- [    Test worker] o.s.jdbc.datasource.init.ScriptUtils     : Executed SQL script from class path resource [data.sql] in 7 ms.
2017-05-01 17:28:05.677  INFO 3938 --- [    Test worker] o.s.jdbc.datasource.init.ScriptUtils     : Executing SQL script from class path resource [tearDown.sql]
2017-05-01 17:28:05.687  INFO 3938 --- [    Test worker] o.s.jdbc.datasource.init.ScriptUtils     : Executed SQL script from class path resource [tearDown.sql] in 10 ms.
2017-05-01 17:28:05.695  INFO 3938 --- [    Test worker] o.s.jdbc.datasource.init.ScriptUtils     : Executing SQL script from class path resource [testSchema.sql]
2017-05-01 17:28:05.708  INFO 3938 --- [    Test worker] o.s.jdbc.datasource.init.ScriptUtils     : Executed SQL script from class path resource [testSchema.sql] in 12 ms.
2017-05-01 17:28:05.712  INFO 3938 --- [    Test worker] o.s.jdbc.datasource.init.ScriptUtils     : Executing SQL script from class path resource [data.sql]
2017-05-01 17:28:05.718  INFO 3938 --- [    Test worker] o.s.jdbc.datasource.init.ScriptUtils     : Executed SQL script from class path resource [data.sql] in 6 ms.
2017-05-01 17:28:05.735  INFO 3938 --- [    Test worker] o.s.jdbc.datasource.init.ScriptUtils     : Executing SQL script from class path resource [tearDown.sql]
2017-05-01 17:28:05.743  INFO 3938 --- [    Test worker] o.s.jdbc.datasource.init.ScriptUtils     : Executed SQL script from class path resource [tearDown.sql] in 8 ms.
2017-05-01 17:28:05.750  INFO 3938 --- [    Test worker] o.s.jdbc.datasource.init.ScriptUtils     : Executing SQL script from class path resource [testSchema.sql]
2017-05-01 17:28:05.761  INFO 3938 --- [    Test worker] o.s.jdbc.datasource.init.ScriptUtils     : Executed SQL script from class path resource [testSchema.sql] in 11 ms.
2017-05-01 17:28:05.764  INFO 3938 --- [    Test worker] o.s.jdbc.datasource.init.ScriptUtils     : Executing SQL script from class path resource [data.sql]
2017-05-01 17:28:05.770  INFO 3938 --- [    Test worker] o.s.jdbc.datasource.init.ScriptUtils     : Executed SQL script from class path resource [data.sql] in 5 ms.
2017-05-01 17:28:05.796  INFO 3938 --- [    Test worker] o.s.jdbc.datasource.init.ScriptUtils     : Executing SQL script from class path resource [tearDown.sql]
2017-05-01 17:28:05.803  INFO 3938 --- [    Test worker] o.s.jdbc.datasource.init.ScriptUtils     : Executed SQL script from class path resource [tearDown.sql] in 6 ms.
2017-05-01 17:28:05.811  INFO 3938 --- [    Test worker] o.s.jdbc.datasource.init.ScriptUtils     : Executing SQL script from class path resource [testSchema.sql]
2017-05-01 17:28:05.821  INFO 3938 --- [    Test worker] o.s.jdbc.datasource.init.ScriptUtils     : Executed SQL script from class path resource [testSchema.sql] in 9 ms.
2017-05-01 17:28:05.824  INFO 3938 --- [    Test worker] o.s.jdbc.datasource.init.ScriptUtils     : Executing SQL script from class path resource [data.sql]
2017-05-01 17:28:05.829  INFO 3938 --- [    Test worker] o.s.jdbc.datasource.init.ScriptUtils     : Executed SQL script from class path resource [data.sql] in 4 ms.
2017-05-01 17:28:05.840  INFO 3938 --- [    Test worker] o.s.jdbc.datasource.init.ScriptUtils     : Executing SQL script from class path resource [tearDown.sql]
2017-05-01 17:28:05.846  INFO 3938 --- [    Test worker] o.s.jdbc.datasource.init.ScriptUtils     : Executed SQL script from class path resource [tearDown.sql] in 5 ms.
2017-05-01 17:28:05.853  INFO 3938 --- [    Test worker] o.s.jdbc.datasource.init.ScriptUtils     : Executing SQL script from class path resource [testSchema.sql]
2017-05-01 17:28:05.862  INFO 3938 --- [    Test worker] o.s.jdbc.datasource.init.ScriptUtils     : Executed SQL script from class path resource [testSchema.sql] in 8 ms.
2017-05-01 17:28:05.865  INFO 3938 --- [    Test worker] o.s.jdbc.datasource.init.ScriptUtils     : Executing SQL script from class path resource [data.sql]
2017-05-01 17:28:05.870  INFO 3938 --- [    Test worker] o.s.jdbc.datasource.init.ScriptUtils     : Executed SQL script from class path resource [data.sql] in 4 ms.
2017-05-01 17:28:05.882  INFO 3938 --- [    Test worker] o.s.jdbc.datasource.init.ScriptUtils     : Executing SQL script from class path resource [tearDown.sql]
2017-05-01 17:28:05.887  INFO 3938 --- [    Test worker] o.s.jdbc.datasource.init.ScriptUtils     : Executed SQL script from class path resource [tearDown.sql] in 5 ms.
]]></system-out>
  <system-err><![CDATA[]]></system-err>
</testsuite>
